#-----------------------------------------------------------
# Vivado v2020.2 (64-bit)
# SW Build 3064766 on Wed Nov 18 09:12:45 MST 2020
# IP Build 3064653 on Wed Nov 18 14:17:31 MST 2020
# Start of session at: Fri Dec  8 14:23:40 2023
# Process ID: 21736
# Current directory: C:/Users/Sun Yujia/Desktop/VIVADO_TP/MovingColor_Move_TopBasys_essaie
# Command line: vivado.exe -gui_launcher_event rodinguilauncherevent16420 C:\Users\Sun Yujia\Desktop\VIVADO_TP\MovingColor_Move_TopBasys_essaie\MovingColor_TopBasys.xpr
# Log file: C:/Users/Sun Yujia/Desktop/VIVADO_TP/MovingColor_Move_TopBasys_essaie/vivado.log
# Journal file: C:/Users/Sun Yujia/Desktop/VIVADO_TP/MovingColor_Move_TopBasys_essaie\vivado.jou
#-----------------------------------------------------------
start_gui
open_project {C:/Users/Sun Yujia/Desktop/VIVADO_TP/MovingColor_Move_TopBasys_essaie/MovingColor_TopBasys.xpr}
WARNING: [filemgmt 56-3] Board Part Repository Path: Could not find the directory 'C:/Users/Sun'.
WARNING: [filemgmt 56-3] Board Part Repository Path: Could not find the directory 'E:/vhdl/VGA/Yujia/Desktop/PROPRE/Yujia/Desktop/PROPRE/Yujia/AppData/Roaming/Xilinx/Vivado/Yujia/Desktop/PROPRE/Yujia/Desktop/PROPRE/Yujia/Desktop/PROPRE/Yujia/Desktop/TP_MC/Yujia/Desktop/vivado/Essaie1/Yujia/Desktop/vivado/Essaie1/Yujia/Desktop/VGA_4Bits/Yujia/Desktop/VGA_4Bits/Yujia/Desktop/VGA_4Bits/Yujia/Desktop/vivado/Vivado/VGA_4Bits/Yujia/AppData/Roaming/Xilinx/Vivado/Yujia/Desktop/vivado/Vivado/Esaaie2/Yujia/Desktop/vivado/Vivado/Essaie1/Yujia/Desktop/vivado/Vivado/Esaaie2/Yujia/Desktop/vivado/Vivado/TP1/Yujia/Desktop/vivado/Vivado/TP/Yujia/AppData/Roaming/Xilinx/Vivado/Yujia/AppData/Roaming/Xilinx/Vivado/Yujia/AppData/Roaming/Xilinx/Vivado/Yujia/Desktop/vivado/Vivado/TP1/Yujia/Desktop/CLe/VGA/Yujia/Desktop/CLe/TP1/Yujia/Desktop/vivado/Vivado/TP1/Yujia/AppData/Roaming/Xilinx/Vivado/Yujia/AppData/Roaming/Xilinx/Vivado/Yujia/AppData/Roaming/Xilinx/Vivado/Yujia/AppData/Roaming/Xilinx/Vivado/Yujia/AppData/Roaming/Xilinx/Vivado/2020.2/xhub/board_store/xilinx_board_store'.
WARNING: [filemgmt 56-3] Default IP Output Path : Could not find the directory 'C:/Users/Sun Yujia/Desktop/VIVADO_TP/MovingColor_Move_TopBasys_essaie/MovingColor_TopBasys.gen/sources_1'.
Scanning sources...
Finished scanning sources
INFO: [IP_Flow 19-234] Refreshing IP repositories
INFO: [IP_Flow 19-1704] No user IP repositories specified
INFO: [IP_Flow 19-2313] Loaded Vivado IP repository 'D:/Vivado/2020.2/data/ip'.
update_compile_order -fileset sources_1
reset_run synth_1
launch_runs synth_1 -jobs 16
WARNING: [filemgmt 20-1318] Duplicate Design Unit 'decor(Behavioral)' found in library 'xil_defaultlib'
Duplicate found at line 40 of file C:/Users/Sun Yujia/Desktop/VIVADO_TP/MovingColor_Move_TopBasys_essaie/MovingColor_TopBasys.srcs/sources_1/imports/VHDL/decor.vhd
	(Active) Duplicate found at line 40 of file C:/Users/Sun Yujia/Desktop/VIVADO_TP/MovingColor_Move_TopBasys_essaie/MovingColor_TopBasys.srcs/sources_1/imports/Desktop/decor.vhdl
[Fri Dec  8 14:24:41 2023] Launched synth_1...
Run output will be captured here: C:/Users/Sun Yujia/Desktop/VIVADO_TP/MovingColor_Move_TopBasys_essaie/MovingColor_TopBasys.runs/synth_1/runme.log
launch_runs impl_1 -jobs 16
[Fri Dec  8 14:25:16 2023] Launched impl_1...
Run output will be captured here: C:/Users/Sun Yujia/Desktop/VIVADO_TP/MovingColor_Move_TopBasys_essaie/MovingColor_TopBasys.runs/impl_1/runme.log
launch_runs impl_1 -to_step write_bitstream -jobs 16
[Fri Dec  8 14:25:58 2023] Launched impl_1...
Run output will be captured here: C:/Users/Sun Yujia/Desktop/VIVADO_TP/MovingColor_Move_TopBasys_essaie/MovingColor_TopBasys.runs/impl_1/runme.log
open_hw_manager
connect_hw_server -allow_non_jtag
INFO: [Labtools 27-2285] Connecting to hw_server url TCP:localhost:3121
INFO: [Labtools 27-2222] Launching hw_server...
INFO: [Labtools 27-2221] Launch Output:

****** Xilinx hw_server v2020.2
  **** Build date : Nov 18 2020 at 10:01:48
    ** Copyright 1986-2020 Xilinx, Inc. All Rights Reserved.


INFO: [Labtools 27-3415] Connecting to cs_server url TCP:localhost:3042
INFO: [Labtools 27-3417] Launching cs_server...
INFO: [Labtools 27-2221] Launch Output:


******** Xilinx cs_server v2020.2
  ****** Build date   : Nov 03 2020-22:02:56
    **** Build number : 2020.2.1604437376
      ** Copyright 2017-2020 Xilinx, Inc. All Rights Reserved.



connect_hw_server: Time (s): cpu = 00:00:00 ; elapsed = 00:00:07 . Memory (MB): peak = 1170.742 ; gain = 14.535
open_hw_target
INFO: [Labtoolstcl 44-466] Opening hw_target localhost:3121/xilinx_tcf/Digilent/210183B15A3EA
set_property PROGRAM.FILE {C:/Users/Sun Yujia/Desktop/VIVADO_TP/MovingColor_Move_TopBasys_essaie/MovingColor_TopBasys.runs/impl_1/top_baxys.bit} [get_hw_devices xc7a35t_0]
current_hw_device [get_hw_devices xc7a35t_0]
refresh_hw_device -update_hw_probes false [lindex [get_hw_devices xc7a35t_0] 0]
INFO: [Labtools 27-1434] Device xc7a35t (JTAG device index = 0) is programmed with a design that has no supported debug core(s) in it.
set_property PROBES.FILE {} [get_hw_devices xc7a35t_0]
set_property FULL_PROBES.FILE {} [get_hw_devices xc7a35t_0]
set_property PROGRAM.FILE {C:/Users/Sun Yujia/Desktop/VIVADO_TP/MovingColor_Move_TopBasys_essaie/MovingColor_TopBasys.runs/impl_1/top_baxys.bit} [get_hw_devices xc7a35t_0]
program_hw_devices [get_hw_devices xc7a35t_0]
INFO: [Labtools 27-3164] End of startup status: HIGH
refresh_hw_device [lindex [get_hw_devices xc7a35t_0] 0]
INFO: [Labtools 27-1434] Device xc7a35t (JTAG device index = 0) is programmed with a design that has no supported debug core(s) in it.
close_hw_manager
reset_run synth_1
launch_runs synth_1 -jobs 16
WARNING: [filemgmt 20-1318] Duplicate Design Unit 'decor(Behavioral)' found in library 'xil_defaultlib'
Duplicate found at line 40 of file C:/Users/Sun Yujia/Desktop/VIVADO_TP/MovingColor_Move_TopBasys_essaie/MovingColor_TopBasys.srcs/sources_1/imports/VHDL/decor.vhd
	(Active) Duplicate found at line 40 of file C:/Users/Sun Yujia/Desktop/VIVADO_TP/MovingColor_Move_TopBasys_essaie/MovingColor_TopBasys.srcs/sources_1/imports/Desktop/decor.vhdl
[Fri Dec  8 14:29:21 2023] Launched synth_1...
Run output will be captured here: C:/Users/Sun Yujia/Desktop/VIVADO_TP/MovingColor_Move_TopBasys_essaie/MovingColor_TopBasys.runs/synth_1/runme.log
launch_runs impl_1 -jobs 16
[Fri Dec  8 14:29:53 2023] Launched impl_1...
Run output will be captured here: C:/Users/Sun Yujia/Desktop/VIVADO_TP/MovingColor_Move_TopBasys_essaie/MovingColor_TopBasys.runs/impl_1/runme.log
launch_runs impl_1 -to_step write_bitstream -jobs 16
[Fri Dec  8 14:30:35 2023] Launched impl_1...
Run output will be captured here: C:/Users/Sun Yujia/Desktop/VIVADO_TP/MovingColor_Move_TopBasys_essaie/MovingColor_TopBasys.runs/impl_1/runme.log
open_hw_manager
connect_hw_server -allow_non_jtag
INFO: [Labtools 27-2285] Connecting to hw_server url TCP:localhost:3121
INFO: [Labtools 27-2222] Launching hw_server...
INFO: [Labtools 27-2221] Launch Output:

****** Xilinx hw_server v2020.2
  **** Build date : Nov 18 2020 at 10:01:48
    ** Copyright 1986-2020 Xilinx, Inc. All Rights Reserved.


INFO: [Labtools 27-3415] Connecting to cs_server url TCP:localhost:3042
INFO: [Labtools 27-3417] Launching cs_server...
INFO: [Labtools 27-2221] Launch Output:


******** Xilinx cs_server v2020.2
  ****** Build date   : Nov 03 2020-22:02:56
    **** Build number : 2020.2.1604437376
      ** Copyright 2017-2020 Xilinx, Inc. All Rights Reserved.



connect_hw_server: Time (s): cpu = 00:00:00 ; elapsed = 00:00:06 . Memory (MB): peak = 2790.781 ; gain = 0.000
open_hw_target
INFO: [Labtoolstcl 44-466] Opening hw_target localhost:3121/xilinx_tcf/Digilent/210183B15A3EA
set_property PROGRAM.FILE {C:/Users/Sun Yujia/Desktop/VIVADO_TP/MovingColor_Move_TopBasys_essaie/MovingColor_TopBasys.runs/impl_1/top_baxys.bit} [get_hw_devices xc7a35t_0]
current_hw_device [get_hw_devices xc7a35t_0]
refresh_hw_device -update_hw_probes false [lindex [get_hw_devices xc7a35t_0] 0]
INFO: [Labtools 27-1434] Device xc7a35t (JTAG device index = 0) is programmed with a design that has no supported debug core(s) in it.
set_property PROBES.FILE {} [get_hw_devices xc7a35t_0]
set_property FULL_PROBES.FILE {} [get_hw_devices xc7a35t_0]
set_property PROGRAM.FILE {C:/Users/Sun Yujia/Desktop/VIVADO_TP/MovingColor_Move_TopBasys_essaie/MovingColor_TopBasys.runs/impl_1/top_baxys.bit} [get_hw_devices xc7a35t_0]
program_hw_devices [get_hw_devices xc7a35t_0]
INFO: [Labtools 27-3164] End of startup status: HIGH
refresh_hw_device [lindex [get_hw_devices xc7a35t_0] 0]
INFO: [Labtools 27-1434] Device xc7a35t (JTAG device index = 0) is programmed with a design that has no supported debug core(s) in it.
close_hw_manager
reset_run synth_1
launch_runs synth_1 -jobs 16
WARNING: [filemgmt 20-1318] Duplicate Design Unit 'decor(Behavioral)' found in library 'xil_defaultlib'
Duplicate found at line 40 of file C:/Users/Sun Yujia/Desktop/VIVADO_TP/MovingColor_Move_TopBasys_essaie/MovingColor_TopBasys.srcs/sources_1/imports/VHDL/decor.vhd
	(Active) Duplicate found at line 40 of file C:/Users/Sun Yujia/Desktop/VIVADO_TP/MovingColor_Move_TopBasys_essaie/MovingColor_TopBasys.srcs/sources_1/imports/Desktop/decor.vhdl
[Fri Dec  8 14:37:11 2023] Launched synth_1...
Run output will be captured here: C:/Users/Sun Yujia/Desktop/VIVADO_TP/MovingColor_Move_TopBasys_essaie/MovingColor_TopBasys.runs/synth_1/runme.log
launch_runs impl_1 -jobs 16
[Fri Dec  8 14:37:43 2023] Launched impl_1...
Run output will be captured here: C:/Users/Sun Yujia/Desktop/VIVADO_TP/MovingColor_Move_TopBasys_essaie/MovingColor_TopBasys.runs/impl_1/runme.log
launch_runs impl_1 -to_step write_bitstream -jobs 16
[Fri Dec  8 14:38:22 2023] Launched impl_1...
Run output will be captured here: C:/Users/Sun Yujia/Desktop/VIVADO_TP/MovingColor_Move_TopBasys_essaie/MovingColor_TopBasys.runs/impl_1/runme.log
reset_run impl_1 -prev_step 
launch_runs impl_1 -to_step write_bitstream -jobs 16
[Fri Dec  8 14:39:16 2023] Launched impl_1...
Run output will be captured here: C:/Users/Sun Yujia/Desktop/VIVADO_TP/MovingColor_Move_TopBasys_essaie/MovingColor_TopBasys.runs/impl_1/runme.log
open_hw_manager
connect_hw_server -allow_non_jtag
INFO: [Labtools 27-2285] Connecting to hw_server url TCP:localhost:3121
INFO: [Labtools 27-2222] Launching hw_server...
INFO: [Labtools 27-2221] Launch Output:

****** Xilinx hw_server v2020.2
  **** Build date : Nov 18 2020 at 10:01:48
    ** Copyright 1986-2020 Xilinx, Inc. All Rights Reserved.


INFO: [Labtools 27-3415] Connecting to cs_server url TCP:localhost:3042
INFO: [Labtools 27-3417] Launching cs_server...
INFO: [Labtools 27-2221] Launch Output:


******** Xilinx cs_server v2020.2
  ****** Build date   : Nov 03 2020-22:02:56
    **** Build number : 2020.2.1604437376
      ** Copyright 2017-2020 Xilinx, Inc. All Rights Reserved.



connect_hw_server: Time (s): cpu = 00:00:00 ; elapsed = 00:00:06 . Memory (MB): peak = 2823.934 ; gain = 0.000
open_hw_target
INFO: [Labtoolstcl 44-466] Opening hw_target localhost:3121/xilinx_tcf/Digilent/210183B15A3EA
set_property PROGRAM.FILE {C:/Users/Sun Yujia/Desktop/VIVADO_TP/MovingColor_Move_TopBasys_essaie/MovingColor_TopBasys.runs/impl_1/top_baxys.bit} [get_hw_devices xc7a35t_0]
current_hw_device [get_hw_devices xc7a35t_0]
refresh_hw_device -update_hw_probes false [lindex [get_hw_devices xc7a35t_0] 0]
INFO: [Labtools 27-1434] Device xc7a35t (JTAG device index = 0) is programmed with a design that has no supported debug core(s) in it.
set_property PROBES.FILE {} [get_hw_devices xc7a35t_0]
set_property FULL_PROBES.FILE {} [get_hw_devices xc7a35t_0]
set_property PROGRAM.FILE {C:/Users/Sun Yujia/Desktop/VIVADO_TP/MovingColor_Move_TopBasys_essaie/MovingColor_TopBasys.runs/impl_1/top_baxys.bit} [get_hw_devices xc7a35t_0]
program_hw_devices [get_hw_devices xc7a35t_0]
INFO: [Labtools 27-3164] End of startup status: HIGH
refresh_hw_device [lindex [get_hw_devices xc7a35t_0] 0]
INFO: [Labtools 27-1434] Device xc7a35t (JTAG device index = 0) is programmed with a design that has no supported debug core(s) in it.
close_hw_manager
close [ open {C:/Users/Sun Yujia/Desktop/VIVADO_TP/MovingColor_Move_TopBasys_essaie/MovingColor_TopBasys.srcs/sources_1/new/Mode2.vhd} w ]
add_files {{C:/Users/Sun Yujia/Desktop/VIVADO_TP/MovingColor_Move_TopBasys_essaie/MovingColor_TopBasys.srcs/sources_1/new/Mode2.vhd}}
update_compile_order -fileset sources_1
update_compile_order -fileset sources_1
reset_run synth_1
launch_runs synth_1 -jobs 16
WARNING: [filemgmt 20-1318] Duplicate Design Unit 'decor(Behavioral)' found in library 'xil_defaultlib'
Duplicate found at line 40 of file C:/Users/Sun Yujia/Desktop/VIVADO_TP/MovingColor_Move_TopBasys_essaie/MovingColor_TopBasys.srcs/sources_1/imports/VHDL/decor.vhd
	(Active) Duplicate found at line 40 of file C:/Users/Sun Yujia/Desktop/VIVADO_TP/MovingColor_Move_TopBasys_essaie/MovingColor_TopBasys.srcs/sources_1/imports/Desktop/decor.vhdl
[Fri Dec  8 14:47:00 2023] Launched synth_1...
Run output will be captured here: C:/Users/Sun Yujia/Desktop/VIVADO_TP/MovingColor_Move_TopBasys_essaie/MovingColor_TopBasys.runs/synth_1/runme.log
launch_runs impl_1 -jobs 16
[Fri Dec  8 14:47:32 2023] Launched impl_1...
Run output will be captured here: C:/Users/Sun Yujia/Desktop/VIVADO_TP/MovingColor_Move_TopBasys_essaie/MovingColor_TopBasys.runs/impl_1/runme.log
launch_runs impl_1 -to_step write_bitstream -jobs 16
[Fri Dec  8 14:48:10 2023] Launched impl_1...
Run output will be captured here: C:/Users/Sun Yujia/Desktop/VIVADO_TP/MovingColor_Move_TopBasys_essaie/MovingColor_TopBasys.runs/impl_1/runme.log
open_hw_manager
connect_hw_server -allow_non_jtag
INFO: [Labtools 27-2285] Connecting to hw_server url TCP:localhost:3121
INFO: [Labtools 27-2222] Launching hw_server...
INFO: [Labtools 27-2221] Launch Output:

****** Xilinx hw_server v2020.2
  **** Build date : Nov 18 2020 at 10:01:48
    ** Copyright 1986-2020 Xilinx, Inc. All Rights Reserved.


INFO: [Labtools 27-3415] Connecting to cs_server url TCP:localhost:3042
INFO: [Labtools 27-3417] Launching cs_server...
INFO: [Labtools 27-2221] Launch Output:


******** Xilinx cs_server v2020.2
  ****** Build date   : Nov 03 2020-22:02:56
    **** Build number : 2020.2.1604437376
      ** Copyright 2017-2020 Xilinx, Inc. All Rights Reserved.



connect_hw_server: Time (s): cpu = 00:00:00 ; elapsed = 00:00:06 . Memory (MB): peak = 2836.324 ; gain = 0.000
open_hw_target
INFO: [Labtoolstcl 44-466] Opening hw_target localhost:3121/xilinx_tcf/Digilent/210183B15A3EA
set_property PROGRAM.FILE {C:/Users/Sun Yujia/Desktop/VIVADO_TP/MovingColor_Move_TopBasys_essaie/MovingColor_TopBasys.runs/impl_1/top_baxys.bit} [get_hw_devices xc7a35t_0]
current_hw_device [get_hw_devices xc7a35t_0]
refresh_hw_device -update_hw_probes false [lindex [get_hw_devices xc7a35t_0] 0]
INFO: [Labtools 27-1434] Device xc7a35t (JTAG device index = 0) is programmed with a design that has no supported debug core(s) in it.
set_property PROBES.FILE {} [get_hw_devices xc7a35t_0]
set_property FULL_PROBES.FILE {} [get_hw_devices xc7a35t_0]
set_property PROGRAM.FILE {C:/Users/Sun Yujia/Desktop/VIVADO_TP/MovingColor_Move_TopBasys_essaie/MovingColor_TopBasys.runs/impl_1/top_baxys.bit} [get_hw_devices xc7a35t_0]
program_hw_devices [get_hw_devices xc7a35t_0]
INFO: [Labtools 27-3164] End of startup status: HIGH
refresh_hw_device [lindex [get_hw_devices xc7a35t_0] 0]
INFO: [Labtools 27-1434] Device xc7a35t (JTAG device index = 0) is programmed with a design that has no supported debug core(s) in it.
close_hw_manager
reset_run synth_1
launch_runs synth_1 -jobs 16
WARNING: [filemgmt 20-1318] Duplicate Design Unit 'decor(Behavioral)' found in library 'xil_defaultlib'
Duplicate found at line 40 of file C:/Users/Sun Yujia/Desktop/VIVADO_TP/MovingColor_Move_TopBasys_essaie/MovingColor_TopBasys.srcs/sources_1/imports/VHDL/decor.vhd
	(Active) Duplicate found at line 40 of file C:/Users/Sun Yujia/Desktop/VIVADO_TP/MovingColor_Move_TopBasys_essaie/MovingColor_TopBasys.srcs/sources_1/imports/Desktop/decor.vhdl
[Fri Dec  8 14:55:10 2023] Launched synth_1...
Run output will be captured here: C:/Users/Sun Yujia/Desktop/VIVADO_TP/MovingColor_Move_TopBasys_essaie/MovingColor_TopBasys.runs/synth_1/runme.log
launch_runs impl_1 -jobs 16
[Fri Dec  8 14:55:38 2023] Launched impl_1...
Run output will be captured here: C:/Users/Sun Yujia/Desktop/VIVADO_TP/MovingColor_Move_TopBasys_essaie/MovingColor_TopBasys.runs/impl_1/runme.log
reset_run synth_1
launch_runs synth_1 -jobs 16
WARNING: [filemgmt 20-1318] Duplicate Design Unit 'decor(Behavioral)' found in library 'xil_defaultlib'
Duplicate found at line 40 of file C:/Users/Sun Yujia/Desktop/VIVADO_TP/MovingColor_Move_TopBasys_essaie/MovingColor_TopBasys.srcs/sources_1/imports/VHDL/decor.vhd
	(Active) Duplicate found at line 40 of file C:/Users/Sun Yujia/Desktop/VIVADO_TP/MovingColor_Move_TopBasys_essaie/MovingColor_TopBasys.srcs/sources_1/imports/Desktop/decor.vhdl
[Fri Dec  8 14:57:15 2023] Launched synth_1...
Run output will be captured here: C:/Users/Sun Yujia/Desktop/VIVADO_TP/MovingColor_Move_TopBasys_essaie/MovingColor_TopBasys.runs/synth_1/runme.log
launch_runs impl_1 -jobs 16
[Fri Dec  8 14:57:48 2023] Launched impl_1...
Run output will be captured here: C:/Users/Sun Yujia/Desktop/VIVADO_TP/MovingColor_Move_TopBasys_essaie/MovingColor_TopBasys.runs/impl_1/runme.log
launch_runs impl_1 -to_step write_bitstream -jobs 16
[Fri Dec  8 14:58:30 2023] Launched impl_1...
Run output will be captured here: C:/Users/Sun Yujia/Desktop/VIVADO_TP/MovingColor_Move_TopBasys_essaie/MovingColor_TopBasys.runs/impl_1/runme.log
open_hw_manager
connect_hw_server -allow_non_jtag
INFO: [Labtools 27-2285] Connecting to hw_server url TCP:localhost:3121
INFO: [Labtools 27-2222] Launching hw_server...
INFO: [Labtools 27-2221] Launch Output:

****** Xilinx hw_server v2020.2
  **** Build date : Nov 18 2020 at 10:01:48
    ** Copyright 1986-2020 Xilinx, Inc. All Rights Reserved.


INFO: [Labtools 27-3415] Connecting to cs_server url TCP:localhost:3042
INFO: [Labtools 27-3417] Launching cs_server...
INFO: [Labtools 27-2221] Launch Output:


******** Xilinx cs_server v2020.2
  ****** Build date   : Nov 03 2020-22:02:56
    **** Build number : 2020.2.1604437376
      ** Copyright 2017-2020 Xilinx, Inc. All Rights Reserved.



connect_hw_server: Time (s): cpu = 00:00:00 ; elapsed = 00:00:06 . Memory (MB): peak = 2836.324 ; gain = 0.000
open_hw_target
INFO: [Labtoolstcl 44-466] Opening hw_target localhost:3121/xilinx_tcf/Digilent/210183B15A3EA
set_property PROGRAM.FILE {C:/Users/Sun Yujia/Desktop/VIVADO_TP/MovingColor_Move_TopBasys_essaie/MovingColor_TopBasys.runs/impl_1/top_baxys.bit} [get_hw_devices xc7a35t_0]
current_hw_device [get_hw_devices xc7a35t_0]
refresh_hw_device -update_hw_probes false [lindex [get_hw_devices xc7a35t_0] 0]
INFO: [Labtools 27-1434] Device xc7a35t (JTAG device index = 0) is programmed with a design that has no supported debug core(s) in it.
set_property PROBES.FILE {} [get_hw_devices xc7a35t_0]
set_property FULL_PROBES.FILE {} [get_hw_devices xc7a35t_0]
set_property PROGRAM.FILE {C:/Users/Sun Yujia/Desktop/VIVADO_TP/MovingColor_Move_TopBasys_essaie/MovingColor_TopBasys.runs/impl_1/top_baxys.bit} [get_hw_devices xc7a35t_0]
program_hw_devices [get_hw_devices xc7a35t_0]
INFO: [Labtools 27-3164] End of startup status: HIGH
refresh_hw_device [lindex [get_hw_devices xc7a35t_0] 0]
INFO: [Labtools 27-1434] Device xc7a35t (JTAG device index = 0) is programmed with a design that has no supported debug core(s) in it.
close_hw_manager
close [ open {C:/Users/Sun Yujia/Desktop/VIVADO_TP/MovingColor_Move_TopBasys_essaie/MovingColor_TopBasys.srcs/sources_1/new/Tempo_Pause.vhd} w ]
add_files {{C:/Users/Sun Yujia/Desktop/VIVADO_TP/MovingColor_Move_TopBasys_essaie/MovingColor_TopBasys.srcs/sources_1/new/Tempo_Pause.vhd}}
update_compile_order -fileset sources_1
export_ip_user_files -of_objects  [get_files {{C:/Users/Sun Yujia/Desktop/VIVADO_TP/MovingColor_Move_TopBasys_essaie/MovingColor_TopBasys.srcs/sources_1/imports/VHDL/decor.vhd}}] -no_script -reset -force -quiet
remove_files  {{C:/Users/Sun Yujia/Desktop/VIVADO_TP/MovingColor_Move_TopBasys_essaie/MovingColor_TopBasys.srcs/sources_1/imports/VHDL/decor.vhd}}
reset_run synth_1
launch_runs synth_1 -jobs 16
[Fri Dec  8 15:15:47 2023] Launched synth_1...
Run output will be captured here: C:/Users/Sun Yujia/Desktop/VIVADO_TP/MovingColor_Move_TopBasys_essaie/MovingColor_TopBasys.runs/synth_1/runme.log
launch_runs impl_1 -jobs 16
[Fri Dec  8 15:16:17 2023] Launched impl_1...
Run output will be captured here: C:/Users/Sun Yujia/Desktop/VIVADO_TP/MovingColor_Move_TopBasys_essaie/MovingColor_TopBasys.runs/impl_1/runme.log
launch_runs impl_1 -to_step write_bitstream -jobs 16
[Fri Dec  8 15:17:18 2023] Launched impl_1...
Run output will be captured here: C:/Users/Sun Yujia/Desktop/VIVADO_TP/MovingColor_Move_TopBasys_essaie/MovingColor_TopBasys.runs/impl_1/runme.log
open_hw_manager
connect_hw_server -allow_non_jtag
INFO: [Labtools 27-2285] Connecting to hw_server url TCP:localhost:3121
INFO: [Labtools 27-2222] Launching hw_server...
INFO: [Labtools 27-2221] Launch Output:

****** Xilinx hw_server v2020.2
  **** Build date : Nov 18 2020 at 10:01:48
    ** Copyright 1986-2020 Xilinx, Inc. All Rights Reserved.


INFO: [Labtools 27-3415] Connecting to cs_server url TCP:localhost:3042
INFO: [Labtools 27-3417] Launching cs_server...
INFO: [Labtools 27-2221] Launch Output:


******** Xilinx cs_server v2020.2
  ****** Build date   : Nov 03 2020-22:02:56
    **** Build number : 2020.2.1604437376
      ** Copyright 2017-2020 Xilinx, Inc. All Rights Reserved.



connect_hw_server: Time (s): cpu = 00:00:00 ; elapsed = 00:00:06 . Memory (MB): peak = 2878.852 ; gain = 0.000
open_hw_target
INFO: [Labtoolstcl 44-466] Opening hw_target localhost:3121/xilinx_tcf/Digilent/210183B15A3EA
set_property PROGRAM.FILE {C:/Users/Sun Yujia/Desktop/VIVADO_TP/MovingColor_Move_TopBasys_essaie/MovingColor_TopBasys.runs/impl_1/top_baxys.bit} [get_hw_devices xc7a35t_0]
current_hw_device [get_hw_devices xc7a35t_0]
refresh_hw_device -update_hw_probes false [lindex [get_hw_devices xc7a35t_0] 0]
INFO: [Labtools 27-1434] Device xc7a35t (JTAG device index = 0) is programmed with a design that has no supported debug core(s) in it.
set_property PROBES.FILE {} [get_hw_devices xc7a35t_0]
set_property FULL_PROBES.FILE {} [get_hw_devices xc7a35t_0]
set_property PROGRAM.FILE {C:/Users/Sun Yujia/Desktop/VIVADO_TP/MovingColor_Move_TopBasys_essaie/MovingColor_TopBasys.runs/impl_1/top_baxys.bit} [get_hw_devices xc7a35t_0]
program_hw_devices [get_hw_devices xc7a35t_0]
INFO: [Labtools 27-3164] End of startup status: HIGH
refresh_hw_device [lindex [get_hw_devices xc7a35t_0] 0]
INFO: [Labtools 27-1434] Device xc7a35t (JTAG device index = 0) is programmed with a design that has no supported debug core(s) in it.
close_hw_manager
update_compile_order -fileset sources_1
reset_run synth_1
launch_runs synth_1 -jobs 16
[Fri Dec  8 15:25:48 2023] Launched synth_1...
Run output will be captured here: C:/Users/Sun Yujia/Desktop/VIVADO_TP/MovingColor_Move_TopBasys_essaie/MovingColor_TopBasys.runs/synth_1/runme.log
launch_runs impl_1 -jobs 16
[Fri Dec  8 15:26:21 2023] Launched impl_1...
Run output will be captured here: C:/Users/Sun Yujia/Desktop/VIVADO_TP/MovingColor_Move_TopBasys_essaie/MovingColor_TopBasys.runs/impl_1/runme.log
launch_runs impl_1 -to_step write_bitstream -jobs 16
[Fri Dec  8 15:27:14 2023] Launched impl_1...
Run output will be captured here: C:/Users/Sun Yujia/Desktop/VIVADO_TP/MovingColor_Move_TopBasys_essaie/MovingColor_TopBasys.runs/impl_1/runme.log
open_hw_manager
connect_hw_server -allow_non_jtag
INFO: [Labtools 27-2285] Connecting to hw_server url TCP:localhost:3121
INFO: [Labtools 27-2222] Launching hw_server...
INFO: [Labtools 27-2221] Launch Output:

****** Xilinx hw_server v2020.2
  **** Build date : Nov 18 2020 at 10:01:48
    ** Copyright 1986-2020 Xilinx, Inc. All Rights Reserved.


INFO: [Labtools 27-3415] Connecting to cs_server url TCP:localhost:3042
INFO: [Labtools 27-3417] Launching cs_server...
INFO: [Labtools 27-2221] Launch Output:


******** Xilinx cs_server v2020.2
  ****** Build date   : Nov 03 2020-22:02:56
    **** Build number : 2020.2.1604437376
      ** Copyright 2017-2020 Xilinx, Inc. All Rights Reserved.



connect_hw_server: Time (s): cpu = 00:00:00 ; elapsed = 00:00:06 . Memory (MB): peak = 2878.852 ; gain = 0.000
open_hw_target
INFO: [Labtoolstcl 44-466] Opening hw_target localhost:3121/xilinx_tcf/Digilent/210183B15A3EA
set_property PROGRAM.FILE {C:/Users/Sun Yujia/Desktop/VIVADO_TP/MovingColor_Move_TopBasys_essaie/MovingColor_TopBasys.runs/impl_1/top_baxys.bit} [get_hw_devices xc7a35t_0]
current_hw_device [get_hw_devices xc7a35t_0]
refresh_hw_device -update_hw_probes false [lindex [get_hw_devices xc7a35t_0] 0]
INFO: [Labtools 27-1434] Device xc7a35t (JTAG device index = 0) is programmed with a design that has no supported debug core(s) in it.
set_property PROBES.FILE {} [get_hw_devices xc7a35t_0]
set_property FULL_PROBES.FILE {} [get_hw_devices xc7a35t_0]
set_property PROGRAM.FILE {C:/Users/Sun Yujia/Desktop/VIVADO_TP/MovingColor_Move_TopBasys_essaie/MovingColor_TopBasys.runs/impl_1/top_baxys.bit} [get_hw_devices xc7a35t_0]
program_hw_devices [get_hw_devices xc7a35t_0]
INFO: [Labtools 27-3164] End of startup status: HIGH
refresh_hw_device [lindex [get_hw_devices xc7a35t_0] 0]
INFO: [Labtools 27-1434] Device xc7a35t (JTAG device index = 0) is programmed with a design that has no supported debug core(s) in it.
close_hw_manager
reset_run synth_1
launch_runs synth_1 -jobs 16
CRITICAL WARNING: [HDL 9-806] Syntax error near "if". [C:/Users/Sun Yujia/Desktop/VIVADO_TP/MovingColor_Move_TopBasys_essaie/MovingColor_TopBasys.srcs/sources_1/imports/Desktop/decor.vhdl:158]
[Fri Dec  8 15:29:51 2023] Launched synth_1...
Run output will be captured here: C:/Users/Sun Yujia/Desktop/VIVADO_TP/MovingColor_Move_TopBasys_essaie/MovingColor_TopBasys.runs/synth_1/runme.log
reset_run synth_1
launch_runs synth_1 -jobs 16
[Fri Dec  8 15:31:54 2023] Launched synth_1...
Run output will be captured here: C:/Users/Sun Yujia/Desktop/VIVADO_TP/MovingColor_Move_TopBasys_essaie/MovingColor_TopBasys.runs/synth_1/runme.log
launch_runs impl_1 -jobs 16
[Fri Dec  8 15:32:25 2023] Launched impl_1...
Run output will be captured here: C:/Users/Sun Yujia/Desktop/VIVADO_TP/MovingColor_Move_TopBasys_essaie/MovingColor_TopBasys.runs/impl_1/runme.log
reset_run synth_1
launch_runs synth_1 -jobs 16
[Fri Dec  8 15:34:06 2023] Launched synth_1...
Run output will be captured here: C:/Users/Sun Yujia/Desktop/VIVADO_TP/MovingColor_Move_TopBasys_essaie/MovingColor_TopBasys.runs/synth_1/runme.log
launch_runs impl_1 -jobs 16
[Fri Dec  8 15:34:37 2023] Launched impl_1...
Run output will be captured here: C:/Users/Sun Yujia/Desktop/VIVADO_TP/MovingColor_Move_TopBasys_essaie/MovingColor_TopBasys.runs/impl_1/runme.log
reset_run synth_1
launch_runs synth_1 -jobs 16
[Fri Dec  8 15:38:05 2023] Launched synth_1...
Run output will be captured here: C:/Users/Sun Yujia/Desktop/VIVADO_TP/MovingColor_Move_TopBasys_essaie/MovingColor_TopBasys.runs/synth_1/runme.log
launch_runs impl_1 -jobs 16
[Fri Dec  8 15:38:33 2023] Launched impl_1...
Run output will be captured here: C:/Users/Sun Yujia/Desktop/VIVADO_TP/MovingColor_Move_TopBasys_essaie/MovingColor_TopBasys.runs/impl_1/runme.log
reset_run synth_1
launch_runs synth_1 -jobs 16
[Fri Dec  8 15:39:43 2023] Launched synth_1...
Run output will be captured here: C:/Users/Sun Yujia/Desktop/VIVADO_TP/MovingColor_Move_TopBasys_essaie/MovingColor_TopBasys.runs/synth_1/runme.log
launch_runs impl_1 -jobs 16
[Fri Dec  8 15:40:10 2023] Launched impl_1...
Run output will be captured here: C:/Users/Sun Yujia/Desktop/VIVADO_TP/MovingColor_Move_TopBasys_essaie/MovingColor_TopBasys.runs/impl_1/runme.log
launch_runs impl_1 -to_step write_bitstream -jobs 16
[Fri Dec  8 15:41:12 2023] Launched impl_1...
Run output will be captured here: C:/Users/Sun Yujia/Desktop/VIVADO_TP/MovingColor_Move_TopBasys_essaie/MovingColor_TopBasys.runs/impl_1/runme.log
open_hw_manager
connect_hw_server -allow_non_jtag
INFO: [Labtools 27-2285] Connecting to hw_server url TCP:localhost:3121
INFO: [Labtools 27-2222] Launching hw_server...
INFO: [Labtools 27-2221] Launch Output:

****** Xilinx hw_server v2020.2
  **** Build date : Nov 18 2020 at 10:01:48
    ** Copyright 1986-2020 Xilinx, Inc. All Rights Reserved.


INFO: [Labtools 27-3415] Connecting to cs_server url TCP:localhost:3042
INFO: [Labtools 27-3417] Launching cs_server...
INFO: [Labtools 27-2221] Launch Output:


******** Xilinx cs_server v2020.2
  ****** Build date   : Nov 03 2020-22:02:56
    **** Build number : 2020.2.1604437376
      ** Copyright 2017-2020 Xilinx, Inc. All Rights Reserved.



connect_hw_server: Time (s): cpu = 00:00:00 ; elapsed = 00:00:06 . Memory (MB): peak = 2931.871 ; gain = 0.000
open_hw_target
INFO: [Labtoolstcl 44-466] Opening hw_target localhost:3121/xilinx_tcf/Digilent/210183B15A3EA
set_property PROGRAM.FILE {C:/Users/Sun Yujia/Desktop/VIVADO_TP/MovingColor_Move_TopBasys_essaie/MovingColor_TopBasys.runs/impl_1/top_baxys.bit} [get_hw_devices xc7a35t_0]
current_hw_device [get_hw_devices xc7a35t_0]
refresh_hw_device -update_hw_probes false [lindex [get_hw_devices xc7a35t_0] 0]
INFO: [Labtools 27-1434] Device xc7a35t (JTAG device index = 0) is programmed with a design that has no supported debug core(s) in it.
set_property PROBES.FILE {} [get_hw_devices xc7a35t_0]
set_property FULL_PROBES.FILE {} [get_hw_devices xc7a35t_0]
set_property PROGRAM.FILE {C:/Users/Sun Yujia/Desktop/VIVADO_TP/MovingColor_Move_TopBasys_essaie/MovingColor_TopBasys.runs/impl_1/top_baxys.bit} [get_hw_devices xc7a35t_0]
program_hw_devices [get_hw_devices xc7a35t_0]
INFO: [Labtools 27-3164] End of startup status: HIGH
refresh_hw_device [lindex [get_hw_devices xc7a35t_0] 0]
INFO: [Labtools 27-1434] Device xc7a35t (JTAG device index = 0) is programmed with a design that has no supported debug core(s) in it.
close_hw_manager
close [ open {C:/Users/Sun Yujia/Desktop/VIVADO_TP/MovingColor_Move_TopBasys_essaie/MovingColor_TopBasys.srcs/sources_1/new/TimerLost.vhd} w ]
add_files {{C:/Users/Sun Yujia/Desktop/VIVADO_TP/MovingColor_Move_TopBasys_essaie/MovingColor_TopBasys.srcs/sources_1/new/TimerLost.vhd}}
update_compile_order -fileset sources_1
reset_run synth_1
launch_runs synth_1 -jobs 16
[Fri Dec  8 15:46:55 2023] Launched synth_1...
Run output will be captured here: C:/Users/Sun Yujia/Desktop/VIVADO_TP/MovingColor_Move_TopBasys_essaie/MovingColor_TopBasys.runs/synth_1/runme.log
launch_runs impl_1 -jobs 16
[Fri Dec  8 15:47:29 2023] Launched impl_1...
Run output will be captured here: C:/Users/Sun Yujia/Desktop/VIVADO_TP/MovingColor_Move_TopBasys_essaie/MovingColor_TopBasys.runs/impl_1/runme.log
launch_runs impl_1 -to_step write_bitstream -jobs 16
[Fri Dec  8 15:48:30 2023] Launched impl_1...
Run output will be captured here: C:/Users/Sun Yujia/Desktop/VIVADO_TP/MovingColor_Move_TopBasys_essaie/MovingColor_TopBasys.runs/impl_1/runme.log
open_hw_manager
connect_hw_server -allow_non_jtag
INFO: [Labtools 27-2285] Connecting to hw_server url TCP:localhost:3121
INFO: [Labtools 27-2222] Launching hw_server...
INFO: [Labtools 27-2221] Launch Output:

****** Xilinx hw_server v2020.2
  **** Build date : Nov 18 2020 at 10:01:48
    ** Copyright 1986-2020 Xilinx, Inc. All Rights Reserved.


INFO: [Labtools 27-3415] Connecting to cs_server url TCP:localhost:3042
INFO: [Labtools 27-3417] Launching cs_server...
INFO: [Labtools 27-2221] Launch Output:


******** Xilinx cs_server v2020.2
  ****** Build date   : Nov 03 2020-22:02:56
    **** Build number : 2020.2.1604437376
      ** Copyright 2017-2020 Xilinx, Inc. All Rights Reserved.



connect_hw_server: Time (s): cpu = 00:00:00 ; elapsed = 00:00:06 . Memory (MB): peak = 2931.871 ; gain = 0.000
open_hw_target
INFO: [Labtoolstcl 44-466] Opening hw_target localhost:3121/xilinx_tcf/Digilent/210183B15A3EA
set_property PROGRAM.FILE {C:/Users/Sun Yujia/Desktop/VIVADO_TP/MovingColor_Move_TopBasys_essaie/MovingColor_TopBasys.runs/impl_1/top_baxys.bit} [get_hw_devices xc7a35t_0]
current_hw_device [get_hw_devices xc7a35t_0]
refresh_hw_device -update_hw_probes false [lindex [get_hw_devices xc7a35t_0] 0]
INFO: [Labtools 27-1434] Device xc7a35t (JTAG device index = 0) is programmed with a design that has no supported debug core(s) in it.
set_property PROBES.FILE {} [get_hw_devices xc7a35t_0]
set_property FULL_PROBES.FILE {} [get_hw_devices xc7a35t_0]
set_property PROGRAM.FILE {C:/Users/Sun Yujia/Desktop/VIVADO_TP/MovingColor_Move_TopBasys_essaie/MovingColor_TopBasys.runs/impl_1/top_baxys.bit} [get_hw_devices xc7a35t_0]
program_hw_devices [get_hw_devices xc7a35t_0]
INFO: [Labtools 27-3164] End of startup status: HIGH
refresh_hw_device [lindex [get_hw_devices xc7a35t_0] 0]
INFO: [Labtools 27-1434] Device xc7a35t (JTAG device index = 0) is programmed with a design that has no supported debug core(s) in it.
close_hw_manager
reset_run synth_1
launch_runs synth_1 -jobs 16
[Fri Dec  8 15:53:44 2023] Launched synth_1...
Run output will be captured here: C:/Users/Sun Yujia/Desktop/VIVADO_TP/MovingColor_Move_TopBasys_essaie/MovingColor_TopBasys.runs/synth_1/runme.log
launch_runs impl_1 -jobs 16
[Fri Dec  8 15:54:16 2023] Launched impl_1...
Run output will be captured here: C:/Users/Sun Yujia/Desktop/VIVADO_TP/MovingColor_Move_TopBasys_essaie/MovingColor_TopBasys.runs/impl_1/runme.log
launch_runs impl_1 -to_step write_bitstream -jobs 16
[Fri Dec  8 15:55:23 2023] Launched impl_1...
Run output will be captured here: C:/Users/Sun Yujia/Desktop/VIVADO_TP/MovingColor_Move_TopBasys_essaie/MovingColor_TopBasys.runs/impl_1/runme.log
open_hw_manager
connect_hw_server -allow_non_jtag
INFO: [Labtools 27-2285] Connecting to hw_server url TCP:localhost:3121
INFO: [Labtools 27-2222] Launching hw_server...
INFO: [Labtools 27-2221] Launch Output:

****** Xilinx hw_server v2020.2
  **** Build date : Nov 18 2020 at 10:01:48
    ** Copyright 1986-2020 Xilinx, Inc. All Rights Reserved.


INFO: [Labtools 27-3415] Connecting to cs_server url TCP:localhost:3042
INFO: [Labtools 27-3417] Launching cs_server...
INFO: [Labtools 27-2221] Launch Output:


******** Xilinx cs_server v2020.2
  ****** Build date   : Nov 03 2020-22:02:56
    **** Build number : 2020.2.1604437376
      ** Copyright 2017-2020 Xilinx, Inc. All Rights Reserved.



connect_hw_server: Time (s): cpu = 00:00:00 ; elapsed = 00:00:06 . Memory (MB): peak = 2931.871 ; gain = 0.000
open_hw_target
INFO: [Labtoolstcl 44-466] Opening hw_target localhost:3121/xilinx_tcf/Digilent/210183B15A3EA
set_property PROGRAM.FILE {C:/Users/Sun Yujia/Desktop/VIVADO_TP/MovingColor_Move_TopBasys_essaie/MovingColor_TopBasys.runs/impl_1/top_baxys.bit} [get_hw_devices xc7a35t_0]
current_hw_device [get_hw_devices xc7a35t_0]
refresh_hw_device -update_hw_probes false [lindex [get_hw_devices xc7a35t_0] 0]
INFO: [Labtools 27-1434] Device xc7a35t (JTAG device index = 0) is programmed with a design that has no supported debug core(s) in it.
set_property PROBES.FILE {} [get_hw_devices xc7a35t_0]
set_property FULL_PROBES.FILE {} [get_hw_devices xc7a35t_0]
set_property PROGRAM.FILE {C:/Users/Sun Yujia/Desktop/VIVADO_TP/MovingColor_Move_TopBasys_essaie/MovingColor_TopBasys.runs/impl_1/top_baxys.bit} [get_hw_devices xc7a35t_0]
program_hw_devices [get_hw_devices xc7a35t_0]
INFO: [Labtools 27-3164] End of startup status: HIGH
refresh_hw_device [lindex [get_hw_devices xc7a35t_0] 0]
INFO: [Labtools 27-1434] Device xc7a35t (JTAG device index = 0) is programmed with a design that has no supported debug core(s) in it.
close_hw_manager
reset_run synth_1
launch_runs synth_1 -jobs 16
[Fri Dec  8 15:59:53 2023] Launched synth_1...
Run output will be captured here: C:/Users/Sun Yujia/Desktop/VIVADO_TP/MovingColor_Move_TopBasys_essaie/MovingColor_TopBasys.runs/synth_1/runme.log
launch_runs impl_1 -jobs 16
[Fri Dec  8 16:01:44 2023] Launched impl_1...
Run output will be captured here: C:/Users/Sun Yujia/Desktop/VIVADO_TP/MovingColor_Move_TopBasys_essaie/MovingColor_TopBasys.runs/impl_1/runme.log
launch_runs impl_1 -to_step write_bitstream -jobs 16
[Fri Dec  8 16:02:29 2023] Launched impl_1...
Run output will be captured here: C:/Users/Sun Yujia/Desktop/VIVADO_TP/MovingColor_Move_TopBasys_essaie/MovingColor_TopBasys.runs/impl_1/runme.log
open_hw_manager
connect_hw_server -allow_non_jtag
INFO: [Labtools 27-2285] Connecting to hw_server url TCP:localhost:3121
INFO: [Labtools 27-2222] Launching hw_server...
INFO: [Labtools 27-2221] Launch Output:

****** Xilinx hw_server v2020.2
  **** Build date : Nov 18 2020 at 10:01:48
    ** Copyright 1986-2020 Xilinx, Inc. All Rights Reserved.


INFO: [Labtools 27-3415] Connecting to cs_server url TCP:localhost:3042
INFO: [Labtools 27-3417] Launching cs_server...
INFO: [Labtools 27-2221] Launch Output:


******** Xilinx cs_server v2020.2
  ****** Build date   : Nov 03 2020-22:02:56
    **** Build number : 2020.2.1604437376
      ** Copyright 2017-2020 Xilinx, Inc. All Rights Reserved.



connect_hw_server: Time (s): cpu = 00:00:00 ; elapsed = 00:00:06 . Memory (MB): peak = 2931.871 ; gain = 0.000
open_hw_target
INFO: [Labtoolstcl 44-466] Opening hw_target localhost:3121/xilinx_tcf/Digilent/210183B15A3EA
set_property PROGRAM.FILE {C:/Users/Sun Yujia/Desktop/VIVADO_TP/MovingColor_Move_TopBasys_essaie/MovingColor_TopBasys.runs/impl_1/top_baxys.bit} [get_hw_devices xc7a35t_0]
current_hw_device [get_hw_devices xc7a35t_0]
refresh_hw_device -update_hw_probes false [lindex [get_hw_devices xc7a35t_0] 0]
INFO: [Labtools 27-1434] Device xc7a35t (JTAG device index = 0) is programmed with a design that has no supported debug core(s) in it.
set_property PROBES.FILE {} [get_hw_devices xc7a35t_0]
set_property FULL_PROBES.FILE {} [get_hw_devices xc7a35t_0]
set_property PROGRAM.FILE {C:/Users/Sun Yujia/Desktop/VIVADO_TP/MovingColor_Move_TopBasys_essaie/MovingColor_TopBasys.runs/impl_1/top_baxys.bit} [get_hw_devices xc7a35t_0]
program_hw_devices [get_hw_devices xc7a35t_0]
INFO: [Labtools 27-3164] End of startup status: HIGH
refresh_hw_device [lindex [get_hw_devices xc7a35t_0] 0]
INFO: [Labtools 27-1434] Device xc7a35t (JTAG device index = 0) is programmed with a design that has no supported debug core(s) in it.
close_hw_manager
update_compile_order -fileset sources_1
reset_run synth_1
launch_runs synth_1 -jobs 16
[Fri Dec  8 16:08:27 2023] Launched synth_1...
Run output will be captured here: C:/Users/Sun Yujia/Desktop/VIVADO_TP/MovingColor_Move_TopBasys_essaie/MovingColor_TopBasys.runs/synth_1/runme.log
launch_runs impl_1 -jobs 16
[Fri Dec  8 16:09:14 2023] Launched impl_1...
Run output will be captured here: C:/Users/Sun Yujia/Desktop/VIVADO_TP/MovingColor_Move_TopBasys_essaie/MovingColor_TopBasys.runs/impl_1/runme.log
launch_runs impl_1 -to_step write_bitstream -jobs 16
[Fri Dec  8 16:09:57 2023] Launched impl_1...
Run output will be captured here: C:/Users/Sun Yujia/Desktop/VIVADO_TP/MovingColor_Move_TopBasys_essaie/MovingColor_TopBasys.runs/impl_1/runme.log
open_hw_manager
connect_hw_server -allow_non_jtag
INFO: [Labtools 27-2285] Connecting to hw_server url TCP:localhost:3121
INFO: [Labtools 27-2222] Launching hw_server...
INFO: [Labtools 27-2221] Launch Output:

****** Xilinx hw_server v2020.2
  **** Build date : Nov 18 2020 at 10:01:48
    ** Copyright 1986-2020 Xilinx, Inc. All Rights Reserved.


INFO: [Labtools 27-3415] Connecting to cs_server url TCP:localhost:3042
INFO: [Labtools 27-3417] Launching cs_server...
INFO: [Labtools 27-2221] Launch Output:


******** Xilinx cs_server v2020.2
  ****** Build date   : Nov 03 2020-22:02:56
    **** Build number : 2020.2.1604437376
      ** Copyright 2017-2020 Xilinx, Inc. All Rights Reserved.



connect_hw_server: Time (s): cpu = 00:00:00 ; elapsed = 00:00:06 . Memory (MB): peak = 2931.871 ; gain = 0.000
open_hw_target
INFO: [Labtoolstcl 44-466] Opening hw_target localhost:3121/xilinx_tcf/Digilent/210183B15A3EA
set_property PROGRAM.FILE {C:/Users/Sun Yujia/Desktop/VIVADO_TP/MovingColor_Move_TopBasys_essaie/MovingColor_TopBasys.runs/impl_1/top_baxys.bit} [get_hw_devices xc7a35t_0]
current_hw_device [get_hw_devices xc7a35t_0]
refresh_hw_device -update_hw_probes false [lindex [get_hw_devices xc7a35t_0] 0]
INFO: [Labtools 27-1434] Device xc7a35t (JTAG device index = 0) is programmed with a design that has no supported debug core(s) in it.
set_property PROBES.FILE {} [get_hw_devices xc7a35t_0]
set_property FULL_PROBES.FILE {} [get_hw_devices xc7a35t_0]
set_property PROGRAM.FILE {C:/Users/Sun Yujia/Desktop/VIVADO_TP/MovingColor_Move_TopBasys_essaie/MovingColor_TopBasys.runs/impl_1/top_baxys.bit} [get_hw_devices xc7a35t_0]
program_hw_devices [get_hw_devices xc7a35t_0]
INFO: [Labtools 27-3164] End of startup status: HIGH
refresh_hw_device [lindex [get_hw_devices xc7a35t_0] 0]
INFO: [Labtools 27-1434] Device xc7a35t (JTAG device index = 0) is programmed with a design that has no supported debug core(s) in it.
close_hw_manager
update_compile_order -fileset sources_1
reset_run synth_1
launch_runs synth_1 -jobs 16
[Fri Dec  8 16:12:25 2023] Launched synth_1...
Run output will be captured here: C:/Users/Sun Yujia/Desktop/VIVADO_TP/MovingColor_Move_TopBasys_essaie/MovingColor_TopBasys.runs/synth_1/runme.log
launch_runs impl_1 -jobs 16
[Fri Dec  8 16:13:05 2023] Launched impl_1...
Run output will be captured here: C:/Users/Sun Yujia/Desktop/VIVADO_TP/MovingColor_Move_TopBasys_essaie/MovingColor_TopBasys.runs/impl_1/runme.log
launch_runs impl_1 -to_step write_bitstream -jobs 16
[Fri Dec  8 16:13:49 2023] Launched impl_1...
Run output will be captured here: C:/Users/Sun Yujia/Desktop/VIVADO_TP/MovingColor_Move_TopBasys_essaie/MovingColor_TopBasys.runs/impl_1/runme.log
open_hw_manager
connect_hw_server -allow_non_jtag
INFO: [Labtools 27-2285] Connecting to hw_server url TCP:localhost:3121
INFO: [Labtools 27-2222] Launching hw_server...
INFO: [Labtools 27-2221] Launch Output:

****** Xilinx hw_server v2020.2
  **** Build date : Nov 18 2020 at 10:01:48
    ** Copyright 1986-2020 Xilinx, Inc. All Rights Reserved.


INFO: [Labtools 27-3415] Connecting to cs_server url TCP:localhost:3042
INFO: [Labtools 27-3417] Launching cs_server...
INFO: [Labtools 27-2221] Launch Output:


******** Xilinx cs_server v2020.2
  ****** Build date   : Nov 03 2020-22:02:56
    **** Build number : 2020.2.1604437376
      ** Copyright 2017-2020 Xilinx, Inc. All Rights Reserved.



connect_hw_server: Time (s): cpu = 00:00:00 ; elapsed = 00:00:06 . Memory (MB): peak = 2999.469 ; gain = 0.000
open_hw_target
INFO: [Labtoolstcl 44-466] Opening hw_target localhost:3121/xilinx_tcf/Digilent/210183B15A3EA
set_property PROGRAM.FILE {C:/Users/Sun Yujia/Desktop/VIVADO_TP/MovingColor_Move_TopBasys_essaie/MovingColor_TopBasys.runs/impl_1/top_baxys.bit} [get_hw_devices xc7a35t_0]
current_hw_device [get_hw_devices xc7a35t_0]
refresh_hw_device -update_hw_probes false [lindex [get_hw_devices xc7a35t_0] 0]
INFO: [Labtools 27-1434] Device xc7a35t (JTAG device index = 0) is programmed with a design that has no supported debug core(s) in it.
set_property PROBES.FILE {} [get_hw_devices xc7a35t_0]
set_property FULL_PROBES.FILE {} [get_hw_devices xc7a35t_0]
set_property PROGRAM.FILE {C:/Users/Sun Yujia/Desktop/VIVADO_TP/MovingColor_Move_TopBasys_essaie/MovingColor_TopBasys.runs/impl_1/top_baxys.bit} [get_hw_devices xc7a35t_0]
program_hw_devices [get_hw_devices xc7a35t_0]
INFO: [Labtools 27-3164] End of startup status: HIGH
refresh_hw_device [lindex [get_hw_devices xc7a35t_0] 0]
INFO: [Labtools 27-1434] Device xc7a35t (JTAG device index = 0) is programmed with a design that has no supported debug core(s) in it.
close_hw_manager
reset_run synth_1
launch_runs synth_1 -jobs 16
[Fri Dec  8 16:21:00 2023] Launched synth_1...
Run output will be captured here: C:/Users/Sun Yujia/Desktop/VIVADO_TP/MovingColor_Move_TopBasys_essaie/MovingColor_TopBasys.runs/synth_1/runme.log
reset_run synth_1
launch_runs synth_1 -jobs 16
[Fri Dec  8 16:23:10 2023] Launched synth_1...
Run output will be captured here: C:/Users/Sun Yujia/Desktop/VIVADO_TP/MovingColor_Move_TopBasys_essaie/MovingColor_TopBasys.runs/synth_1/runme.log
launch_runs impl_1 -jobs 16
[Fri Dec  8 16:23:41 2023] Launched impl_1...
Run output will be captured here: C:/Users/Sun Yujia/Desktop/VIVADO_TP/MovingColor_Move_TopBasys_essaie/MovingColor_TopBasys.runs/impl_1/runme.log
launch_runs impl_1 -to_step write_bitstream -jobs 16
[Fri Dec  8 16:24:19 2023] Launched impl_1...
Run output will be captured here: C:/Users/Sun Yujia/Desktop/VIVADO_TP/MovingColor_Move_TopBasys_essaie/MovingColor_TopBasys.runs/impl_1/runme.log
open_hw_manager
connect_hw_server -allow_non_jtag
INFO: [Labtools 27-2285] Connecting to hw_server url TCP:localhost:3121
INFO: [Labtools 27-2222] Launching hw_server...
INFO: [Labtools 27-2221] Launch Output:

****** Xilinx hw_server v2020.2
  **** Build date : Nov 18 2020 at 10:01:48
    ** Copyright 1986-2020 Xilinx, Inc. All Rights Reserved.


INFO: [Labtools 27-3415] Connecting to cs_server url TCP:localhost:3042
INFO: [Labtools 27-3417] Launching cs_server...
INFO: [Labtools 27-2221] Launch Output:


******** Xilinx cs_server v2020.2
  ****** Build date   : Nov 03 2020-22:02:56
    **** Build number : 2020.2.1604437376
      ** Copyright 2017-2020 Xilinx, Inc. All Rights Reserved.



connect_hw_server: Time (s): cpu = 00:00:00 ; elapsed = 00:00:06 . Memory (MB): peak = 2999.469 ; gain = 0.000
open_hw_target
INFO: [Labtoolstcl 44-466] Opening hw_target localhost:3121/xilinx_tcf/Digilent/210183B15A3EA
set_property PROGRAM.FILE {C:/Users/Sun Yujia/Desktop/VIVADO_TP/MovingColor_Move_TopBasys_essaie/MovingColor_TopBasys.runs/impl_1/top_baxys.bit} [get_hw_devices xc7a35t_0]
current_hw_device [get_hw_devices xc7a35t_0]
refresh_hw_device -update_hw_probes false [lindex [get_hw_devices xc7a35t_0] 0]
INFO: [Labtools 27-1434] Device xc7a35t (JTAG device index = 0) is programmed with a design that has no supported debug core(s) in it.
set_property PROBES.FILE {} [get_hw_devices xc7a35t_0]
set_property FULL_PROBES.FILE {} [get_hw_devices xc7a35t_0]
set_property PROGRAM.FILE {C:/Users/Sun Yujia/Desktop/VIVADO_TP/MovingColor_Move_TopBasys_essaie/MovingColor_TopBasys.runs/impl_1/top_baxys.bit} [get_hw_devices xc7a35t_0]
program_hw_devices [get_hw_devices xc7a35t_0]
INFO: [Labtools 27-3164] End of startup status: HIGH
refresh_hw_device [lindex [get_hw_devices xc7a35t_0] 0]
INFO: [Labtools 27-1434] Device xc7a35t (JTAG device index = 0) is programmed with a design that has no supported debug core(s) in it.
close_hw_manager
reset_run synth_1
launch_runs synth_1 -jobs 16
[Fri Dec  8 16:29:34 2023] Launched synth_1...
Run output will be captured here: C:/Users/Sun Yujia/Desktop/VIVADO_TP/MovingColor_Move_TopBasys_essaie/MovingColor_TopBasys.runs/synth_1/runme.log
launch_runs impl_1 -jobs 16
[Fri Dec  8 16:30:01 2023] Launched impl_1...
Run output will be captured here: C:/Users/Sun Yujia/Desktop/VIVADO_TP/MovingColor_Move_TopBasys_essaie/MovingColor_TopBasys.runs/impl_1/runme.log
launch_runs impl_1 -to_step write_bitstream -jobs 16
[Fri Dec  8 16:30:43 2023] Launched impl_1...
Run output will be captured here: C:/Users/Sun Yujia/Desktop/VIVADO_TP/MovingColor_Move_TopBasys_essaie/MovingColor_TopBasys.runs/impl_1/runme.log
open_hw_manager
connect_hw_server -allow_non_jtag
INFO: [Labtools 27-2285] Connecting to hw_server url TCP:localhost:3121
INFO: [Labtools 27-2222] Launching hw_server...
INFO: [Labtools 27-2221] Launch Output:

****** Xilinx hw_server v2020.2
  **** Build date : Nov 18 2020 at 10:01:48
    ** Copyright 1986-2020 Xilinx, Inc. All Rights Reserved.


INFO: [Labtools 27-3415] Connecting to cs_server url TCP:localhost:3042
INFO: [Labtools 27-3417] Launching cs_server...
INFO: [Labtools 27-2221] Launch Output:


******** Xilinx cs_server v2020.2
  ****** Build date   : Nov 03 2020-22:02:56
    **** Build number : 2020.2.1604437376
      ** Copyright 2017-2020 Xilinx, Inc. All Rights Reserved.



connect_hw_server: Time (s): cpu = 00:00:00 ; elapsed = 00:00:06 . Memory (MB): peak = 2999.469 ; gain = 0.000
open_hw_target
INFO: [Labtoolstcl 44-466] Opening hw_target localhost:3121/xilinx_tcf/Digilent/210183B15A3EA
set_property PROGRAM.FILE {C:/Users/Sun Yujia/Desktop/VIVADO_TP/MovingColor_Move_TopBasys_essaie/MovingColor_TopBasys.runs/impl_1/top_baxys.bit} [get_hw_devices xc7a35t_0]
current_hw_device [get_hw_devices xc7a35t_0]
refresh_hw_device -update_hw_probes false [lindex [get_hw_devices xc7a35t_0] 0]
INFO: [Labtools 27-1434] Device xc7a35t (JTAG device index = 0) is programmed with a design that has no supported debug core(s) in it.
set_property PROBES.FILE {} [get_hw_devices xc7a35t_0]
set_property FULL_PROBES.FILE {} [get_hw_devices xc7a35t_0]
set_property PROGRAM.FILE {C:/Users/Sun Yujia/Desktop/VIVADO_TP/MovingColor_Move_TopBasys_essaie/MovingColor_TopBasys.runs/impl_1/top_baxys.bit} [get_hw_devices xc7a35t_0]
program_hw_devices [get_hw_devices xc7a35t_0]
INFO: [Labtools 27-3164] End of startup status: HIGH
refresh_hw_device [lindex [get_hw_devices xc7a35t_0] 0]
INFO: [Labtools 27-1434] Device xc7a35t (JTAG device index = 0) is programmed with a design that has no supported debug core(s) in it.
close_hw_manager
update_compile_order -fileset sources_1
reset_run synth_1
launch_runs synth_1 -jobs 16
[Fri Dec  8 16:35:11 2023] Launched synth_1...
Run output will be captured here: C:/Users/Sun Yujia/Desktop/VIVADO_TP/MovingColor_Move_TopBasys_essaie/MovingColor_TopBasys.runs/synth_1/runme.log
launch_runs impl_1 -jobs 16
[Fri Dec  8 16:35:41 2023] Launched impl_1...
Run output will be captured here: C:/Users/Sun Yujia/Desktop/VIVADO_TP/MovingColor_Move_TopBasys_essaie/MovingColor_TopBasys.runs/impl_1/runme.log
launch_runs impl_1 -to_step write_bitstream -jobs 16
[Fri Dec  8 16:36:18 2023] Launched impl_1...
Run output will be captured here: C:/Users/Sun Yujia/Desktop/VIVADO_TP/MovingColor_Move_TopBasys_essaie/MovingColor_TopBasys.runs/impl_1/runme.log
open_hw_manager
connect_hw_server -allow_non_jtag
INFO: [Labtools 27-2285] Connecting to hw_server url TCP:localhost:3121
INFO: [Labtools 27-2222] Launching hw_server...
INFO: [Labtools 27-2221] Launch Output:

****** Xilinx hw_server v2020.2
  **** Build date : Nov 18 2020 at 10:01:48
    ** Copyright 1986-2020 Xilinx, Inc. All Rights Reserved.


INFO: [Labtools 27-3415] Connecting to cs_server url TCP:localhost:3042
INFO: [Labtools 27-3417] Launching cs_server...
INFO: [Labtools 27-2221] Launch Output:


******** Xilinx cs_server v2020.2
  ****** Build date   : Nov 03 2020-22:02:56
    **** Build number : 2020.2.1604437376
      ** Copyright 2017-2020 Xilinx, Inc. All Rights Reserved.



connect_hw_server: Time (s): cpu = 00:00:00 ; elapsed = 00:00:06 . Memory (MB): peak = 2999.469 ; gain = 0.000
open_hw_target
INFO: [Labtoolstcl 44-466] Opening hw_target localhost:3121/xilinx_tcf/Digilent/210183B15A3EA
set_property PROGRAM.FILE {C:/Users/Sun Yujia/Desktop/VIVADO_TP/MovingColor_Move_TopBasys_essaie/MovingColor_TopBasys.runs/impl_1/top_baxys.bit} [get_hw_devices xc7a35t_0]
current_hw_device [get_hw_devices xc7a35t_0]
refresh_hw_device -update_hw_probes false [lindex [get_hw_devices xc7a35t_0] 0]
INFO: [Labtools 27-1434] Device xc7a35t (JTAG device index = 0) is programmed with a design that has no supported debug core(s) in it.
set_property PROBES.FILE {} [get_hw_devices xc7a35t_0]
set_property FULL_PROBES.FILE {} [get_hw_devices xc7a35t_0]
set_property PROGRAM.FILE {C:/Users/Sun Yujia/Desktop/VIVADO_TP/MovingColor_Move_TopBasys_essaie/MovingColor_TopBasys.runs/impl_1/top_baxys.bit} [get_hw_devices xc7a35t_0]
program_hw_devices [get_hw_devices xc7a35t_0]
INFO: [Labtools 27-3164] End of startup status: HIGH
refresh_hw_device [lindex [get_hw_devices xc7a35t_0] 0]
INFO: [Labtools 27-1434] Device xc7a35t (JTAG device index = 0) is programmed with a design that has no supported debug core(s) in it.
close_hw_manager
reset_run synth_1
launch_runs synth_1 -jobs 16
[Fri Dec  8 16:38:13 2023] Launched synth_1...
Run output will be captured here: C:/Users/Sun Yujia/Desktop/VIVADO_TP/MovingColor_Move_TopBasys_essaie/MovingColor_TopBasys.runs/synth_1/runme.log
launch_runs impl_1 -jobs 16
[Fri Dec  8 16:38:45 2023] Launched impl_1...
Run output will be captured here: C:/Users/Sun Yujia/Desktop/VIVADO_TP/MovingColor_Move_TopBasys_essaie/MovingColor_TopBasys.runs/impl_1/runme.log
launch_runs impl_1 -to_step write_bitstream -jobs 16
[Fri Dec  8 16:39:28 2023] Launched impl_1...
Run output will be captured here: C:/Users/Sun Yujia/Desktop/VIVADO_TP/MovingColor_Move_TopBasys_essaie/MovingColor_TopBasys.runs/impl_1/runme.log
open_hw_manager
connect_hw_server -allow_non_jtag
INFO: [Labtools 27-2285] Connecting to hw_server url TCP:localhost:3121
INFO: [Labtools 27-2222] Launching hw_server...
INFO: [Labtools 27-2221] Launch Output:

****** Xilinx hw_server v2020.2
  **** Build date : Nov 18 2020 at 10:01:48
    ** Copyright 1986-2020 Xilinx, Inc. All Rights Reserved.


INFO: [Labtools 27-3415] Connecting to cs_server url TCP:localhost:3042
INFO: [Labtools 27-3417] Launching cs_server...
INFO: [Labtools 27-2221] Launch Output:


******** Xilinx cs_server v2020.2
  ****** Build date   : Nov 03 2020-22:02:56
    **** Build number : 2020.2.1604437376
      ** Copyright 2017-2020 Xilinx, Inc. All Rights Reserved.



connect_hw_server: Time (s): cpu = 00:00:00 ; elapsed = 00:00:06 . Memory (MB): peak = 2999.469 ; gain = 0.000
open_hw_target
INFO: [Labtoolstcl 44-466] Opening hw_target localhost:3121/xilinx_tcf/Digilent/210183B15A3EA
set_property PROGRAM.FILE {C:/Users/Sun Yujia/Desktop/VIVADO_TP/MovingColor_Move_TopBasys_essaie/MovingColor_TopBasys.runs/impl_1/top_baxys.bit} [get_hw_devices xc7a35t_0]
current_hw_device [get_hw_devices xc7a35t_0]
refresh_hw_device -update_hw_probes false [lindex [get_hw_devices xc7a35t_0] 0]
INFO: [Labtools 27-1434] Device xc7a35t (JTAG device index = 0) is programmed with a design that has no supported debug core(s) in it.
set_property PROBES.FILE {} [get_hw_devices xc7a35t_0]
set_property FULL_PROBES.FILE {} [get_hw_devices xc7a35t_0]
set_property PROGRAM.FILE {C:/Users/Sun Yujia/Desktop/VIVADO_TP/MovingColor_Move_TopBasys_essaie/MovingColor_TopBasys.runs/impl_1/top_baxys.bit} [get_hw_devices xc7a35t_0]
program_hw_devices [get_hw_devices xc7a35t_0]
INFO: [Labtools 27-3164] End of startup status: HIGH
refresh_hw_device [lindex [get_hw_devices xc7a35t_0] 0]
INFO: [Labtools 27-1434] Device xc7a35t (JTAG device index = 0) is programmed with a design that has no supported debug core(s) in it.
close_hw_manager
reset_run synth_1
launch_runs synth_1 -jobs 16
[Fri Dec  8 16:43:32 2023] Launched synth_1...
Run output will be captured here: C:/Users/Sun Yujia/Desktop/VIVADO_TP/MovingColor_Move_TopBasys_essaie/MovingColor_TopBasys.runs/synth_1/runme.log
launch_runs impl_1 -jobs 16
[Fri Dec  8 16:44:02 2023] Launched impl_1...
Run output will be captured here: C:/Users/Sun Yujia/Desktop/VIVADO_TP/MovingColor_Move_TopBasys_essaie/MovingColor_TopBasys.runs/impl_1/runme.log
reset_run synth_1
launch_runs synth_1 -jobs 16
[Fri Dec  8 16:46:42 2023] Launched synth_1...
Run output will be captured here: C:/Users/Sun Yujia/Desktop/VIVADO_TP/MovingColor_Move_TopBasys_essaie/MovingColor_TopBasys.runs/synth_1/runme.log
reset_run synth_1
WARNING: [Vivado 12-1017] Problems encountered:
1. PID not specified

launch_runs synth_1 -jobs 16
[Fri Dec  8 16:46:45 2023] Launched synth_1...
Run output will be captured here: C:/Users/Sun Yujia/Desktop/VIVADO_TP/MovingColor_Move_TopBasys_essaie/MovingColor_TopBasys.runs/synth_1/runme.log
launch_runs impl_1 -jobs 16
[Fri Dec  8 16:47:10 2023] Launched impl_1...
Run output will be captured here: C:/Users/Sun Yujia/Desktop/VIVADO_TP/MovingColor_Move_TopBasys_essaie/MovingColor_TopBasys.runs/impl_1/runme.log
reset_run synth_1
launch_runs synth_1 -jobs 16
[Fri Dec  8 16:48:17 2023] Launched synth_1...
Run output will be captured here: C:/Users/Sun Yujia/Desktop/VIVADO_TP/MovingColor_Move_TopBasys_essaie/MovingColor_TopBasys.runs/synth_1/runme.log
reset_run synth_1
WARNING: [Vivado 12-1017] Problems encountered:
1. PID not specified

launch_runs synth_1 -jobs 16
[Fri Dec  8 16:48:20 2023] Launched synth_1...
Run output will be captured here: C:/Users/Sun Yujia/Desktop/VIVADO_TP/MovingColor_Move_TopBasys_essaie/MovingColor_TopBasys.runs/synth_1/runme.log
launch_runs impl_1 -jobs 16
[Fri Dec  8 16:48:46 2023] Launched impl_1...
Run output will be captured here: C:/Users/Sun Yujia/Desktop/VIVADO_TP/MovingColor_Move_TopBasys_essaie/MovingColor_TopBasys.runs/impl_1/runme.log
reset_run synth_1
launch_runs synth_1 -jobs 16
[Fri Dec  8 16:50:07 2023] Launched synth_1...
Run output will be captured here: C:/Users/Sun Yujia/Desktop/VIVADO_TP/MovingColor_Move_TopBasys_essaie/MovingColor_TopBasys.runs/synth_1/runme.log
reset_run synth_1
WARNING: [Vivado 12-1017] Problems encountered:
1. PID not specified

launch_runs synth_1 -jobs 16
[Fri Dec  8 16:50:12 2023] Launched synth_1...
Run output will be captured here: C:/Users/Sun Yujia/Desktop/VIVADO_TP/MovingColor_Move_TopBasys_essaie/MovingColor_TopBasys.runs/synth_1/runme.log
launch_runs impl_1 -jobs 16
[Fri Dec  8 16:50:36 2023] Launched impl_1...
Run output will be captured here: C:/Users/Sun Yujia/Desktop/VIVADO_TP/MovingColor_Move_TopBasys_essaie/MovingColor_TopBasys.runs/impl_1/runme.log
launch_runs impl_1 -to_step write_bitstream -jobs 16
[Fri Dec  8 16:51:16 2023] Launched impl_1...
Run output will be captured here: C:/Users/Sun Yujia/Desktop/VIVADO_TP/MovingColor_Move_TopBasys_essaie/MovingColor_TopBasys.runs/impl_1/runme.log
open_hw_manager
connect_hw_server -allow_non_jtag
INFO: [Labtools 27-2285] Connecting to hw_server url TCP:localhost:3121
INFO: [Labtools 27-2222] Launching hw_server...
INFO: [Labtools 27-2221] Launch Output:

****** Xilinx hw_server v2020.2
  **** Build date : Nov 18 2020 at 10:01:48
    ** Copyright 1986-2020 Xilinx, Inc. All Rights Reserved.


INFO: [Labtools 27-3415] Connecting to cs_server url TCP:localhost:3042
INFO: [Labtools 27-3417] Launching cs_server...
INFO: [Labtools 27-2221] Launch Output:


******** Xilinx cs_server v2020.2
  ****** Build date   : Nov 03 2020-22:02:56
    **** Build number : 2020.2.1604437376
      ** Copyright 2017-2020 Xilinx, Inc. All Rights Reserved.



connect_hw_server: Time (s): cpu = 00:00:00 ; elapsed = 00:00:06 . Memory (MB): peak = 3079.398 ; gain = 0.000
open_hw_target
INFO: [Labtoolstcl 44-466] Opening hw_target localhost:3121/xilinx_tcf/Digilent/210183B15A3EA
set_property PROGRAM.FILE {C:/Users/Sun Yujia/Desktop/VIVADO_TP/MovingColor_Move_TopBasys_essaie/MovingColor_TopBasys.runs/impl_1/top_baxys.bit} [get_hw_devices xc7a35t_0]
current_hw_device [get_hw_devices xc7a35t_0]
refresh_hw_device -update_hw_probes false [lindex [get_hw_devices xc7a35t_0] 0]
INFO: [Labtools 27-1434] Device xc7a35t (JTAG device index = 0) is programmed with a design that has no supported debug core(s) in it.
set_property PROBES.FILE {} [get_hw_devices xc7a35t_0]
set_property FULL_PROBES.FILE {} [get_hw_devices xc7a35t_0]
set_property PROGRAM.FILE {C:/Users/Sun Yujia/Desktop/VIVADO_TP/MovingColor_Move_TopBasys_essaie/MovingColor_TopBasys.runs/impl_1/top_baxys.bit} [get_hw_devices xc7a35t_0]
program_hw_devices [get_hw_devices xc7a35t_0]
INFO: [Labtools 27-3164] End of startup status: HIGH
refresh_hw_device [lindex [get_hw_devices xc7a35t_0] 0]
INFO: [Labtools 27-1434] Device xc7a35t (JTAG device index = 0) is programmed with a design that has no supported debug core(s) in it.
close_hw_manager
reset_run synth_1
launch_runs synth_1 -jobs 16
[Fri Dec  8 16:56:27 2023] Launched synth_1...
Run output will be captured here: C:/Users/Sun Yujia/Desktop/VIVADO_TP/MovingColor_Move_TopBasys_essaie/MovingColor_TopBasys.runs/synth_1/runme.log
reset_run synth_1
WARNING: [Vivado 12-1017] Problems encountered:
1. PID not specified

launch_runs synth_1 -jobs 16
[Fri Dec  8 16:56:32 2023] Launched synth_1...
Run output will be captured here: C:/Users/Sun Yujia/Desktop/VIVADO_TP/MovingColor_Move_TopBasys_essaie/MovingColor_TopBasys.runs/synth_1/runme.log
launch_runs impl_1 -jobs 16
[Fri Dec  8 16:56:56 2023] Launched impl_1...
Run output will be captured here: C:/Users/Sun Yujia/Desktop/VIVADO_TP/MovingColor_Move_TopBasys_essaie/MovingColor_TopBasys.runs/impl_1/runme.log
launch_runs impl_1 -to_step write_bitstream -jobs 16
[Fri Dec  8 16:57:51 2023] Launched impl_1...
Run output will be captured here: C:/Users/Sun Yujia/Desktop/VIVADO_TP/MovingColor_Move_TopBasys_essaie/MovingColor_TopBasys.runs/impl_1/runme.log
launch_runs impl_1 -to_step write_bitstream -jobs 16
ERROR: [Common 17-69] Command failed:  Run'impl_1' is already running and cannot be relaunched.
open_hw_manager
connect_hw_server -allow_non_jtag
INFO: [Labtools 27-2285] Connecting to hw_server url TCP:localhost:3121
INFO: [Labtools 27-2222] Launching hw_server...
INFO: [Labtools 27-2221] Launch Output:

****** Xilinx hw_server v2020.2
  **** Build date : Nov 18 2020 at 10:01:48
    ** Copyright 1986-2020 Xilinx, Inc. All Rights Reserved.


INFO: [Labtools 27-3415] Connecting to cs_server url TCP:localhost:3042
INFO: [Labtools 27-3417] Launching cs_server...
INFO: [Labtools 27-2221] Launch Output:


******** Xilinx cs_server v2020.2
  ****** Build date   : Nov 03 2020-22:02:56
    **** Build number : 2020.2.1604437376
      ** Copyright 2017-2020 Xilinx, Inc. All Rights Reserved.



connect_hw_server: Time (s): cpu = 00:00:01 ; elapsed = 00:00:06 . Memory (MB): peak = 3079.398 ; gain = 0.000
open_hw_target
INFO: [Labtoolstcl 44-466] Opening hw_target localhost:3121/xilinx_tcf/Digilent/210183B15A3EA
set_property PROGRAM.FILE {C:/Users/Sun Yujia/Desktop/VIVADO_TP/MovingColor_Move_TopBasys_essaie/MovingColor_TopBasys.runs/impl_1/top_baxys.bit} [get_hw_devices xc7a35t_0]
current_hw_device [get_hw_devices xc7a35t_0]
refresh_hw_device -update_hw_probes false [lindex [get_hw_devices xc7a35t_0] 0]
INFO: [Labtools 27-1434] Device xc7a35t (JTAG device index = 0) is programmed with a design that has no supported debug core(s) in it.
set_property PROBES.FILE {} [get_hw_devices xc7a35t_0]
set_property FULL_PROBES.FILE {} [get_hw_devices xc7a35t_0]
set_property PROGRAM.FILE {C:/Users/Sun Yujia/Desktop/VIVADO_TP/MovingColor_Move_TopBasys_essaie/MovingColor_TopBasys.runs/impl_1/top_baxys.bit} [get_hw_devices xc7a35t_0]
program_hw_devices [get_hw_devices xc7a35t_0]
INFO: [Labtools 27-3164] End of startup status: HIGH
refresh_hw_device [lindex [get_hw_devices xc7a35t_0] 0]
INFO: [Labtools 27-1434] Device xc7a35t (JTAG device index = 0) is programmed with a design that has no supported debug core(s) in it.
close_hw_manager
reset_run synth_1
launch_runs synth_1 -jobs 16
[Fri Dec  8 16:59:26 2023] Launched synth_1...
Run output will be captured here: C:/Users/Sun Yujia/Desktop/VIVADO_TP/MovingColor_Move_TopBasys_essaie/MovingColor_TopBasys.runs/synth_1/runme.log
launch_runs impl_1 -jobs 16
[Fri Dec  8 16:59:58 2023] Launched impl_1...
Run output will be captured here: C:/Users/Sun Yujia/Desktop/VIVADO_TP/MovingColor_Move_TopBasys_essaie/MovingColor_TopBasys.runs/impl_1/runme.log
launch_runs impl_1 -to_step write_bitstream -jobs 16
[Fri Dec  8 17:00:45 2023] Launched impl_1...
Run output will be captured here: C:/Users/Sun Yujia/Desktop/VIVADO_TP/MovingColor_Move_TopBasys_essaie/MovingColor_TopBasys.runs/impl_1/runme.log
open_hw_manager
connect_hw_server -allow_non_jtag
INFO: [Labtools 27-2285] Connecting to hw_server url TCP:localhost:3121
INFO: [Labtools 27-2222] Launching hw_server...
INFO: [Labtools 27-2221] Launch Output:

****** Xilinx hw_server v2020.2
  **** Build date : Nov 18 2020 at 10:01:48
    ** Copyright 1986-2020 Xilinx, Inc. All Rights Reserved.


INFO: [Labtools 27-3415] Connecting to cs_server url TCP:localhost:3042
INFO: [Labtools 27-3417] Launching cs_server...
INFO: [Labtools 27-2221] Launch Output:


******** Xilinx cs_server v2020.2
  ****** Build date   : Nov 03 2020-22:02:56
    **** Build number : 2020.2.1604437376
      ** Copyright 2017-2020 Xilinx, Inc. All Rights Reserved.



connect_hw_server: Time (s): cpu = 00:00:00 ; elapsed = 00:00:06 . Memory (MB): peak = 3079.398 ; gain = 0.000
open_hw_target
INFO: [Labtoolstcl 44-466] Opening hw_target localhost:3121/xilinx_tcf/Digilent/210183B15A3EA
set_property PROGRAM.FILE {C:/Users/Sun Yujia/Desktop/VIVADO_TP/MovingColor_Move_TopBasys_essaie/MovingColor_TopBasys.runs/impl_1/top_baxys.bit} [get_hw_devices xc7a35t_0]
current_hw_device [get_hw_devices xc7a35t_0]
refresh_hw_device -update_hw_probes false [lindex [get_hw_devices xc7a35t_0] 0]
INFO: [Labtools 27-1434] Device xc7a35t (JTAG device index = 0) is programmed with a design that has no supported debug core(s) in it.
set_property PROBES.FILE {} [get_hw_devices xc7a35t_0]
set_property FULL_PROBES.FILE {} [get_hw_devices xc7a35t_0]
set_property PROGRAM.FILE {C:/Users/Sun Yujia/Desktop/VIVADO_TP/MovingColor_Move_TopBasys_essaie/MovingColor_TopBasys.runs/impl_1/top_baxys.bit} [get_hw_devices xc7a35t_0]
program_hw_devices [get_hw_devices xc7a35t_0]
INFO: [Labtools 27-3164] End of startup status: HIGH
refresh_hw_device [lindex [get_hw_devices xc7a35t_0] 0]
INFO: [Labtools 27-1434] Device xc7a35t (JTAG device index = 0) is programmed with a design that has no supported debug core(s) in it.
close_hw_manager
reset_run synth_1
launch_runs synth_1 -jobs 16
[Fri Dec  8 17:01:57 2023] Launched synth_1...
Run output will be captured here: C:/Users/Sun Yujia/Desktop/VIVADO_TP/MovingColor_Move_TopBasys_essaie/MovingColor_TopBasys.runs/synth_1/runme.log
launch_runs impl_1 -jobs 16
[Fri Dec  8 17:02:26 2023] Launched impl_1...
Run output will be captured here: C:/Users/Sun Yujia/Desktop/VIVADO_TP/MovingColor_Move_TopBasys_essaie/MovingColor_TopBasys.runs/impl_1/runme.log
reset_run synth_1
launch_runs synth_1 -jobs 16
[Fri Dec  8 17:03:08 2023] Launched synth_1...
Run output will be captured here: C:/Users/Sun Yujia/Desktop/VIVADO_TP/MovingColor_Move_TopBasys_essaie/MovingColor_TopBasys.runs/synth_1/runme.log
reset_run synth_1
WARNING: [Vivado 12-1017] Problems encountered:
1. PID not specified

launch_runs synth_1 -jobs 16
[Fri Dec  8 17:03:10 2023] Launched synth_1...
Run output will be captured here: C:/Users/Sun Yujia/Desktop/VIVADO_TP/MovingColor_Move_TopBasys_essaie/MovingColor_TopBasys.runs/synth_1/runme.log
launch_runs impl_1 -jobs 16
[Fri Dec  8 17:03:59 2023] Launched impl_1...
Run output will be captured here: C:/Users/Sun Yujia/Desktop/VIVADO_TP/MovingColor_Move_TopBasys_essaie/MovingColor_TopBasys.runs/impl_1/runme.log
launch_runs impl_1 -to_step write_bitstream -jobs 16
[Fri Dec  8 17:04:42 2023] Launched impl_1...
Run output will be captured here: C:/Users/Sun Yujia/Desktop/VIVADO_TP/MovingColor_Move_TopBasys_essaie/MovingColor_TopBasys.runs/impl_1/runme.log
open_hw_manager
connect_hw_server -allow_non_jtag
INFO: [Labtools 27-2285] Connecting to hw_server url TCP:localhost:3121
INFO: [Labtools 27-2222] Launching hw_server...
INFO: [Labtools 27-2221] Launch Output:

****** Xilinx hw_server v2020.2
  **** Build date : Nov 18 2020 at 10:01:48
    ** Copyright 1986-2020 Xilinx, Inc. All Rights Reserved.


INFO: [Labtools 27-3415] Connecting to cs_server url TCP:localhost:3042
INFO: [Labtools 27-3417] Launching cs_server...
INFO: [Labtools 27-2221] Launch Output:


******** Xilinx cs_server v2020.2
  ****** Build date   : Nov 03 2020-22:02:56
    **** Build number : 2020.2.1604437376
      ** Copyright 2017-2020 Xilinx, Inc. All Rights Reserved.



connect_hw_server: Time (s): cpu = 00:00:00 ; elapsed = 00:00:06 . Memory (MB): peak = 3079.398 ; gain = 0.000
open_hw_target
INFO: [Labtoolstcl 44-466] Opening hw_target localhost:3121/xilinx_tcf/Digilent/210183B15A3EA
set_property PROGRAM.FILE {C:/Users/Sun Yujia/Desktop/VIVADO_TP/MovingColor_Move_TopBasys_essaie/MovingColor_TopBasys.runs/impl_1/top_baxys.bit} [get_hw_devices xc7a35t_0]
current_hw_device [get_hw_devices xc7a35t_0]
refresh_hw_device -update_hw_probes false [lindex [get_hw_devices xc7a35t_0] 0]
INFO: [Labtools 27-1434] Device xc7a35t (JTAG device index = 0) is programmed with a design that has no supported debug core(s) in it.
set_property PROBES.FILE {} [get_hw_devices xc7a35t_0]
set_property FULL_PROBES.FILE {} [get_hw_devices xc7a35t_0]
set_property PROGRAM.FILE {C:/Users/Sun Yujia/Desktop/VIVADO_TP/MovingColor_Move_TopBasys_essaie/MovingColor_TopBasys.runs/impl_1/top_baxys.bit} [get_hw_devices xc7a35t_0]
program_hw_devices [get_hw_devices xc7a35t_0]
INFO: [Labtools 27-3164] End of startup status: HIGH
refresh_hw_device [lindex [get_hw_devices xc7a35t_0] 0]
INFO: [Labtools 27-1434] Device xc7a35t (JTAG device index = 0) is programmed with a design that has no supported debug core(s) in it.
set_property PROBES.FILE {} [get_hw_devices xc7a35t_0]
set_property FULL_PROBES.FILE {} [get_hw_devices xc7a35t_0]
set_property PROGRAM.FILE {C:/Users/Sun Yujia/Desktop/VIVADO_TP/MovingColor_Move_TopBasys_essaie/MovingColor_TopBasys.runs/impl_1/top_baxys.bit} [get_hw_devices xc7a35t_0]
program_hw_devices [get_hw_devices xc7a35t_0]
INFO: [Labtools 27-3164] End of startup status: HIGH
refresh_hw_device [lindex [get_hw_devices xc7a35t_0] 0]
INFO: [Labtools 27-1434] Device xc7a35t (JTAG device index = 0) is programmed with a design that has no supported debug core(s) in it.
close_hw_manager
reset_run synth_1
launch_runs synth_1 -jobs 16
[Fri Dec  8 17:19:54 2023] Launched synth_1...
Run output will be captured here: C:/Users/Sun Yujia/Desktop/VIVADO_TP/MovingColor_Move_TopBasys_essaie/MovingColor_TopBasys.runs/synth_1/runme.log
launch_runs impl_1 -jobs 16
[Fri Dec  8 17:20:47 2023] Launched impl_1...
Run output will be captured here: C:/Users/Sun Yujia/Desktop/VIVADO_TP/MovingColor_Move_TopBasys_essaie/MovingColor_TopBasys.runs/impl_1/runme.log
reset_run synth_1
launch_runs synth_1 -jobs 16
[Fri Dec  8 17:22:01 2023] Launched synth_1...
Run output will be captured here: C:/Users/Sun Yujia/Desktop/VIVADO_TP/MovingColor_Move_TopBasys_essaie/MovingColor_TopBasys.runs/synth_1/runme.log
launch_runs impl_1 -jobs 16
[Fri Dec  8 17:22:33 2023] Launched impl_1...
Run output will be captured here: C:/Users/Sun Yujia/Desktop/VIVADO_TP/MovingColor_Move_TopBasys_essaie/MovingColor_TopBasys.runs/impl_1/runme.log
launch_runs impl_1 -to_step write_bitstream -jobs 16
[Fri Dec  8 17:23:15 2023] Launched impl_1...
Run output will be captured here: C:/Users/Sun Yujia/Desktop/VIVADO_TP/MovingColor_Move_TopBasys_essaie/MovingColor_TopBasys.runs/impl_1/runme.log
open_hw_manager
connect_hw_server -allow_non_jtag
INFO: [Labtools 27-2285] Connecting to hw_server url TCP:localhost:3121
INFO: [Labtools 27-2222] Launching hw_server...
INFO: [Labtools 27-2221] Launch Output:

****** Xilinx hw_server v2020.2
  **** Build date : Nov 18 2020 at 10:01:48
    ** Copyright 1986-2020 Xilinx, Inc. All Rights Reserved.


INFO: [Labtools 27-3415] Connecting to cs_server url TCP:localhost:3042
INFO: [Labtools 27-3417] Launching cs_server...
INFO: [Labtools 27-2221] Launch Output:


******** Xilinx cs_server v2020.2
  ****** Build date   : Nov 03 2020-22:02:56
    **** Build number : 2020.2.1604437376
      ** Copyright 2017-2020 Xilinx, Inc. All Rights Reserved.



connect_hw_server: Time (s): cpu = 00:00:00 ; elapsed = 00:00:06 . Memory (MB): peak = 3163.480 ; gain = 0.000
open_hw_target
INFO: [Labtoolstcl 44-466] Opening hw_target localhost:3121/xilinx_tcf/Digilent/210183B15A3EA
set_property PROGRAM.FILE {C:/Users/Sun Yujia/Desktop/VIVADO_TP/MovingColor_Move_TopBasys_essaie/MovingColor_TopBasys.runs/impl_1/top_baxys.bit} [get_hw_devices xc7a35t_0]
current_hw_device [get_hw_devices xc7a35t_0]
refresh_hw_device -update_hw_probes false [lindex [get_hw_devices xc7a35t_0] 0]
INFO: [Labtools 27-1434] Device xc7a35t (JTAG device index = 0) is programmed with a design that has no supported debug core(s) in it.
set_property PROBES.FILE {} [get_hw_devices xc7a35t_0]
set_property FULL_PROBES.FILE {} [get_hw_devices xc7a35t_0]
set_property PROGRAM.FILE {C:/Users/Sun Yujia/Desktop/VIVADO_TP/MovingColor_Move_TopBasys_essaie/MovingColor_TopBasys.runs/impl_1/top_baxys.bit} [get_hw_devices xc7a35t_0]
program_hw_devices [get_hw_devices xc7a35t_0]
INFO: [Labtools 27-3164] End of startup status: HIGH
refresh_hw_device [lindex [get_hw_devices xc7a35t_0] 0]
INFO: [Labtools 27-1434] Device xc7a35t (JTAG device index = 0) is programmed with a design that has no supported debug core(s) in it.
close_hw_manager
reset_run synth_1
launch_runs synth_1 -jobs 16
[Fri Dec  8 17:28:59 2023] Launched synth_1...
Run output will be captured here: C:/Users/Sun Yujia/Desktop/VIVADO_TP/MovingColor_Move_TopBasys_essaie/MovingColor_TopBasys.runs/synth_1/runme.log
launch_runs impl_1 -jobs 16
[Fri Dec  8 17:29:27 2023] Launched impl_1...
Run output will be captured here: C:/Users/Sun Yujia/Desktop/VIVADO_TP/MovingColor_Move_TopBasys_essaie/MovingColor_TopBasys.runs/impl_1/runme.log
launch_runs impl_1 -to_step write_bitstream -jobs 16
[Fri Dec  8 17:30:09 2023] Launched impl_1...
Run output will be captured here: C:/Users/Sun Yujia/Desktop/VIVADO_TP/MovingColor_Move_TopBasys_essaie/MovingColor_TopBasys.runs/impl_1/runme.log
open_hw_manager
connect_hw_server -allow_non_jtag
INFO: [Labtools 27-2285] Connecting to hw_server url TCP:localhost:3121
INFO: [Labtools 27-2222] Launching hw_server...
INFO: [Labtools 27-2221] Launch Output:

****** Xilinx hw_server v2020.2
  **** Build date : Nov 18 2020 at 10:01:48
    ** Copyright 1986-2020 Xilinx, Inc. All Rights Reserved.


INFO: [Labtools 27-3415] Connecting to cs_server url TCP:localhost:3042
INFO: [Labtools 27-3417] Launching cs_server...
INFO: [Labtools 27-2221] Launch Output:


******** Xilinx cs_server v2020.2
  ****** Build date   : Nov 03 2020-22:02:56
    **** Build number : 2020.2.1604437376
      ** Copyright 2017-2020 Xilinx, Inc. All Rights Reserved.



connect_hw_server: Time (s): cpu = 00:00:00 ; elapsed = 00:00:06 . Memory (MB): peak = 3163.480 ; gain = 0.000
open_hw_target
INFO: [Labtoolstcl 44-466] Opening hw_target localhost:3121/xilinx_tcf/Digilent/210183B15A3EA
set_property PROGRAM.FILE {C:/Users/Sun Yujia/Desktop/VIVADO_TP/MovingColor_Move_TopBasys_essaie/MovingColor_TopBasys.runs/impl_1/top_baxys.bit} [get_hw_devices xc7a35t_0]
current_hw_device [get_hw_devices xc7a35t_0]
refresh_hw_device -update_hw_probes false [lindex [get_hw_devices xc7a35t_0] 0]
INFO: [Labtools 27-1434] Device xc7a35t (JTAG device index = 0) is programmed with a design that has no supported debug core(s) in it.
set_property PROBES.FILE {} [get_hw_devices xc7a35t_0]
set_property FULL_PROBES.FILE {} [get_hw_devices xc7a35t_0]
set_property PROGRAM.FILE {C:/Users/Sun Yujia/Desktop/VIVADO_TP/MovingColor_Move_TopBasys_essaie/MovingColor_TopBasys.runs/impl_1/top_baxys.bit} [get_hw_devices xc7a35t_0]
program_hw_devices [get_hw_devices xc7a35t_0]
INFO: [Labtools 27-3164] End of startup status: HIGH
refresh_hw_device [lindex [get_hw_devices xc7a35t_0] 0]
INFO: [Labtools 27-1434] Device xc7a35t (JTAG device index = 0) is programmed with a design that has no supported debug core(s) in it.
close_hw_manager
reset_run synth_1
launch_runs synth_1 -jobs 16
[Fri Dec  8 17:39:47 2023] Launched synth_1...
Run output will be captured here: C:/Users/Sun Yujia/Desktop/VIVADO_TP/MovingColor_Move_TopBasys_essaie/MovingColor_TopBasys.runs/synth_1/runme.log
launch_runs impl_1 -jobs 16
[Fri Dec  8 17:40:25 2023] Launched impl_1...
Run output will be captured here: C:/Users/Sun Yujia/Desktop/VIVADO_TP/MovingColor_Move_TopBasys_essaie/MovingColor_TopBasys.runs/impl_1/runme.log
launch_runs impl_1 -to_step write_bitstream -jobs 16
[Fri Dec  8 17:41:01 2023] Launched impl_1...
Run output will be captured here: C:/Users/Sun Yujia/Desktop/VIVADO_TP/MovingColor_Move_TopBasys_essaie/MovingColor_TopBasys.runs/impl_1/runme.log
open_hw_manager
connect_hw_server -allow_non_jtag
INFO: [Labtools 27-2285] Connecting to hw_server url TCP:localhost:3121
INFO: [Labtools 27-2222] Launching hw_server...
INFO: [Labtools 27-2221] Launch Output:

****** Xilinx hw_server v2020.2
  **** Build date : Nov 18 2020 at 10:01:48
    ** Copyright 1986-2020 Xilinx, Inc. All Rights Reserved.


INFO: [Labtools 27-3415] Connecting to cs_server url TCP:localhost:3042
INFO: [Labtools 27-3417] Launching cs_server...
INFO: [Labtools 27-2221] Launch Output:


******** Xilinx cs_server v2020.2
  ****** Build date   : Nov 03 2020-22:02:56
    **** Build number : 2020.2.1604437376
      ** Copyright 2017-2020 Xilinx, Inc. All Rights Reserved.



connect_hw_server: Time (s): cpu = 00:00:00 ; elapsed = 00:00:06 . Memory (MB): peak = 3207.160 ; gain = 0.000
open_hw_target
INFO: [Labtoolstcl 44-466] Opening hw_target localhost:3121/xilinx_tcf/Digilent/210183B15A3EA
set_property PROGRAM.FILE {C:/Users/Sun Yujia/Desktop/VIVADO_TP/MovingColor_Move_TopBasys_essaie/MovingColor_TopBasys.runs/impl_1/top_baxys.bit} [get_hw_devices xc7a35t_0]
current_hw_device [get_hw_devices xc7a35t_0]
refresh_hw_device -update_hw_probes false [lindex [get_hw_devices xc7a35t_0] 0]
INFO: [Labtools 27-1434] Device xc7a35t (JTAG device index = 0) is programmed with a design that has no supported debug core(s) in it.
set_property PROBES.FILE {} [get_hw_devices xc7a35t_0]
set_property FULL_PROBES.FILE {} [get_hw_devices xc7a35t_0]
set_property PROGRAM.FILE {C:/Users/Sun Yujia/Desktop/VIVADO_TP/MovingColor_Move_TopBasys_essaie/MovingColor_TopBasys.runs/impl_1/top_baxys.bit} [get_hw_devices xc7a35t_0]
program_hw_devices [get_hw_devices xc7a35t_0]
INFO: [Labtools 27-3164] End of startup status: HIGH
refresh_hw_device [lindex [get_hw_devices xc7a35t_0] 0]
INFO: [Labtools 27-1434] Device xc7a35t (JTAG device index = 0) is programmed with a design that has no supported debug core(s) in it.
close_hw_manager
exit
INFO: [Common 17-206] Exiting Vivado at Fri Dec  8 17:42:06 2023...
