
*** Running vivado
    with args -log top_baxys.vds -m64 -product Vivado -mode batch -messageDb vivado.pb -notrace -source top_baxys.tcl



****** Vivado v2020.2 (64-bit)
  **** SW Build 3064766 on Wed Nov 18 09:12:45 MST 2020
  **** IP Build 3064653 on Wed Nov 18 14:17:31 MST 2020
    ** Copyright 1986-2020 Xilinx, Inc. All Rights Reserved.

source top_baxys.tcl -notrace
Command: synth_design -top top_baxys -part xc7a35tcpg236-1
Starting synth_design
Attempting to get a license for feature 'Synthesis' and/or device 'xc7a35t'
INFO: [Common 17-349] Got license for feature 'Synthesis' and/or device 'xc7a35t'
INFO: [Device 21-403] Loading part xc7a35tcpg236-1
INFO: [Synth 8-7079] Multithreading enabled for synth_design using a maximum of 2 processes.
INFO: [Synth 8-7078] Launching helper process for spawning children vivado processes
INFO: [Synth 8-7075] Helper process launched with PID 6792
---------------------------------------------------------------------------------
Starting RTL Elaboration : Time (s): cpu = 00:00:01 ; elapsed = 00:00:02 . Memory (MB): peak = 1144.449 ; gain = 0.000
---------------------------------------------------------------------------------
INFO: [Synth 8-638] synthesizing module 'top_baxys' [C:/Users/Sun Yujia/Desktop/VIVADO_TP/MovingColor_Move_TopBasys_essaie/MovingColor_TopBasys.srcs/sources_1/imports/VHDL/Top_Basys.vhd:52]
INFO: [Synth 8-638] synthesizing module 'CLKdiv' [C:/Users/Sun Yujia/Desktop/VIVADO_TP/MovingColor_Move_TopBasys_essaie/MovingColor_TopBasys.srcs/sources_1/imports/Desktop/Clk25.vhdl:11]
INFO: [Synth 8-256] done synthesizing module 'CLKdiv' (1#1) [C:/Users/Sun Yujia/Desktop/VIVADO_TP/MovingColor_Move_TopBasys_essaie/MovingColor_TopBasys.srcs/sources_1/imports/Desktop/Clk25.vhdl:11]
INFO: [Synth 8-638] synthesizing module 'ClkAcc' [C:/Users/Sun Yujia/Desktop/VIVADO_TP/MovingColor_Move_TopBasys_essaie/MovingColor_TopBasys.srcs/sources_1/imports/VHDL/ClkAcc.vhd:17]
INFO: [Synth 8-256] done synthesizing module 'ClkAcc' (2#1) [C:/Users/Sun Yujia/Desktop/VIVADO_TP/MovingColor_Move_TopBasys_essaie/MovingColor_TopBasys.srcs/sources_1/imports/VHDL/ClkAcc.vhd:17]
INFO: [Synth 8-638] synthesizing module 'switch_mgr' [C:/Users/Sun Yujia/Desktop/VIVADO_TP/MovingColor_Move_TopBasys_essaie/MovingColor_TopBasys.srcs/sources_1/imports/VHDL/switch_mgr.vhd:22]
INFO: [Synth 8-256] done synthesizing module 'switch_mgr' (3#1) [C:/Users/Sun Yujia/Desktop/VIVADO_TP/MovingColor_Move_TopBasys_essaie/MovingColor_TopBasys.srcs/sources_1/imports/VHDL/switch_mgr.vhd:22]
INFO: [Synth 8-638] synthesizing module 'button_mgr' [C:/Users/Sun Yujia/Desktop/VIVADO_TP/MovingColor_Move_TopBasys_essaie/MovingColor_TopBasys.srcs/sources_1/imports/VHDL/button_mgr.vhd:22]
INFO: [Synth 8-256] done synthesizing module 'button_mgr' (4#1) [C:/Users/Sun Yujia/Desktop/VIVADO_TP/MovingColor_Move_TopBasys_essaie/MovingColor_TopBasys.srcs/sources_1/imports/VHDL/button_mgr.vhd:22]
INFO: [Synth 8-638] synthesizing module 'aff_mgr_basys' [C:/Users/Sun Yujia/Desktop/VIVADO_TP/MovingColor_Move_TopBasys_essaie/MovingColor_TopBasys.srcs/sources_1/imports/VHDL/aff_mgr_basys.vhd:48]
INFO: [Synth 8-256] done synthesizing module 'aff_mgr_basys' (5#1) [C:/Users/Sun Yujia/Desktop/VIVADO_TP/MovingColor_Move_TopBasys_essaie/MovingColor_TopBasys.srcs/sources_1/imports/VHDL/aff_mgr_basys.vhd:48]
INFO: [Synth 8-638] synthesizing module 'ip_rotary' [C:/Users/Sun Yujia/Desktop/VIVADO_TP/MovingColor_Move_TopBasys_essaie/MovingColor_TopBasys.srcs/sources_1/imports/VHDL/ip_rotary.vhd:13]
INFO: [Synth 8-638] synthesizing module 'rotary' [C:/Users/Sun Yujia/Desktop/VIVADO_TP/MovingColor_Move_TopBasys_essaie/MovingColor_TopBasys.srcs/sources_1/imports/VHDL/rotary.vhd:20]
INFO: [Synth 8-256] done synthesizing module 'rotary' (6#1) [C:/Users/Sun Yujia/Desktop/VIVADO_TP/MovingColor_Move_TopBasys_essaie/MovingColor_TopBasys.srcs/sources_1/imports/VHDL/rotary.vhd:20]
INFO: [Synth 8-638] synthesizing module 'Move' [C:/Users/Sun Yujia/Desktop/VIVADO_TP_corrig¨¦/VIVADO_TP/ip_rotary/TP2.srcs/sources_1/new/Move.vhd:15]
INFO: [Synth 8-256] done synthesizing module 'Move' (7#1) [C:/Users/Sun Yujia/Desktop/VIVADO_TP_corrig¨¦/VIVADO_TP/ip_rotary/TP2.srcs/sources_1/new/Move.vhd:15]
INFO: [Synth 8-256] done synthesizing module 'ip_rotary' (8#1) [C:/Users/Sun Yujia/Desktop/VIVADO_TP/MovingColor_Move_TopBasys_essaie/MovingColor_TopBasys.srcs/sources_1/imports/VHDL/ip_rotary.vhd:13]
INFO: [Synth 8-638] synthesizing module 'accelero_mgr' [C:/Users/Sun Yujia/Desktop/VIVADO_TP/MovingColor_Move_TopBasys_essaie/MovingColor_TopBasys.srcs/sources_1/imports/VHDL/accelero_mgr.vhd:24]
INFO: [Synth 8-638] synthesizing module 'ADXL362Ctrl' [C:/Users/Sun Yujia/Desktop/VIVADO_TP/MovingColor_Move_TopBasys_essaie/MovingColor_TopBasys.srcs/sources_1/imports/VHDL/ADXL362Ctrl.vhd:117]
	Parameter SYSCLK_FREQUENCY_HZ bound to: 100000000 - type: integer 
	Parameter SCLK_FREQUENCY_HZ bound to: 1000000 - type: integer 
	Parameter NUM_READS_AVG bound to: 16 - type: integer 
	Parameter UPDATE_FREQUENCY_HZ bound to: 1000 - type: integer 
	Parameter SYSCLK_FREQUENCY_HZ bound to: 100000000 - type: integer 
	Parameter SCLK_FREQUENCY_HZ bound to: 1000000 - type: integer 
INFO: [Synth 8-3491] module 'SPI_If' declared at 'C:/Users/Sun Yujia/Desktop/VIVADO_TP/MovingColor_Move_TopBasys_essaie/MovingColor_TopBasys.srcs/sources_1/imports/VHDL/SPI_If.vhd:42' bound to instance 'SPI_Interface' of component 'SPI_If' [C:/Users/Sun Yujia/Desktop/VIVADO_TP/MovingColor_Move_TopBasys_essaie/MovingColor_TopBasys.srcs/sources_1/imports/VHDL/ADXL362Ctrl.vhd:377]
INFO: [Synth 8-638] synthesizing module 'SPI_If' [C:/Users/Sun Yujia/Desktop/VIVADO_TP/MovingColor_Move_TopBasys_essaie/MovingColor_TopBasys.srcs/sources_1/imports/VHDL/SPI_If.vhd:66]
	Parameter SYSCLK_FREQUENCY_HZ bound to: 100000000 - type: integer 
	Parameter SCLK_FREQUENCY_HZ bound to: 1000000 - type: integer 
INFO: [Synth 8-256] done synthesizing module 'SPI_If' (9#1) [C:/Users/Sun Yujia/Desktop/VIVADO_TP/MovingColor_Move_TopBasys_essaie/MovingColor_TopBasys.srcs/sources_1/imports/VHDL/SPI_If.vhd:66]
INFO: [Synth 8-256] done synthesizing module 'ADXL362Ctrl' (10#1) [C:/Users/Sun Yujia/Desktop/VIVADO_TP/MovingColor_Move_TopBasys_essaie/MovingColor_TopBasys.srcs/sources_1/imports/VHDL/ADXL362Ctrl.vhd:117]
INFO: [Synth 8-256] done synthesizing module 'accelero_mgr' (11#1) [C:/Users/Sun Yujia/Desktop/VIVADO_TP/MovingColor_Move_TopBasys_essaie/MovingColor_TopBasys.srcs/sources_1/imports/VHDL/accelero_mgr.vhd:24]
INFO: [Synth 8-638] synthesizing module 'objects' [C:/Users/Sun Yujia/Desktop/VIVADO_TP/MovingColor_Move_TopBasys_essaie/MovingColor_TopBasys.srcs/sources_1/imports/VHDL/objects.vhd:53]
INFO: [Synth 8-638] synthesizing module 'decor' [C:/Users/Sun Yujia/Desktop/VIVADO_TP/MovingColor_Move_TopBasys_essaie/MovingColor_TopBasys.srcs/sources_1/imports/Desktop/decor.vhdl:40]
WARNING: [Synth 8-614] signal 'endframe' is read in the process but is not in the sensitivity list [C:/Users/Sun Yujia/Desktop/VIVADO_TP/MovingColor_Move_TopBasys_essaie/MovingColor_TopBasys.srcs/sources_1/imports/Desktop/decor.vhdl:126]
INFO: [Synth 8-256] done synthesizing module 'decor' (12#1) [C:/Users/Sun Yujia/Desktop/VIVADO_TP/MovingColor_Move_TopBasys_essaie/MovingColor_TopBasys.srcs/sources_1/imports/Desktop/decor.vhdl:40]
INFO: [Synth 8-638] synthesizing module 'pad' [C:/Users/Sun Yujia/Desktop/VIVADO_TP/MovingColor_Move_TopBasys_essaie/MovingColor_TopBasys.srcs/sources_1/imports/VHDL/pad.vhd:48]
INFO: [Synth 8-256] done synthesizing module 'pad' (13#1) [C:/Users/Sun Yujia/Desktop/VIVADO_TP/MovingColor_Move_TopBasys_essaie/MovingColor_TopBasys.srcs/sources_1/imports/VHDL/pad.vhd:48]
INFO: [Synth 8-638] synthesizing module 'bounce' [C:/Users/Sun Yujia/Desktop/VIVADO_TP/MovingColor_Move_TopBasys_essaie/MovingColor_TopBasys.srcs/sources_1/imports/VHDL/bounce.vhd:59]
INFO: [Synth 8-256] done synthesizing module 'bounce' (14#1) [C:/Users/Sun Yujia/Desktop/VIVADO_TP/MovingColor_Move_TopBasys_essaie/MovingColor_TopBasys.srcs/sources_1/imports/VHDL/bounce.vhd:59]
INFO: [Synth 8-638] synthesizing module 'ball' [C:/Users/Sun Yujia/Desktop/VIVADO_TP/MovingColor_Move_TopBasys_essaie/MovingColor_TopBasys.srcs/sources_1/imports/VHDL/ball.vhd:43]
INFO: [Synth 8-256] done synthesizing module 'ball' (15#1) [C:/Users/Sun Yujia/Desktop/VIVADO_TP/MovingColor_Move_TopBasys_essaie/MovingColor_TopBasys.srcs/sources_1/imports/VHDL/ball.vhd:43]
INFO: [Synth 8-638] synthesizing module 'brick_ctrl' [C:/Users/Sun Yujia/Desktop/VIVADO_TP/MovingColor_Move_TopBasys_essaie/MovingColor_TopBasys.srcs/sources_1/imports/VHDL/brick.vhd:22]
INFO: [Synth 8-256] done synthesizing module 'brick_ctrl' (16#1) [C:/Users/Sun Yujia/Desktop/VIVADO_TP/MovingColor_Move_TopBasys_essaie/MovingColor_TopBasys.srcs/sources_1/imports/VHDL/brick.vhd:22]
INFO: [Synth 8-256] done synthesizing module 'objects' (17#1) [C:/Users/Sun Yujia/Desktop/VIVADO_TP/MovingColor_Move_TopBasys_essaie/MovingColor_TopBasys.srcs/sources_1/imports/VHDL/objects.vhd:53]
INFO: [Synth 8-638] synthesizing module 'game' [C:/Users/Sun Yujia/Desktop/VIVADO_TP/MovingColor_Move_TopBasys_essaie/MovingColor_TopBasys.srcs/sources_1/imports/VHDL/game.vhd:53]
INFO: [Synth 8-638] synthesizing module 'display' [C:/Users/Sun Yujia/Desktop/VIVADO_TP/MovingColor_Move_TopBasys_essaie/MovingColor_TopBasys.srcs/sources_1/imports/VHDL/display.vhd:34]
INFO: [Synth 8-256] done synthesizing module 'display' (18#1) [C:/Users/Sun Yujia/Desktop/VIVADO_TP/MovingColor_Move_TopBasys_essaie/MovingColor_TopBasys.srcs/sources_1/imports/VHDL/display.vhd:34]
INFO: [Synth 8-638] synthesizing module 'Mode' [C:/Users/Sun Yujia/Desktop/VIVADO_TP/MovingColor_Move_TopBasys_essaie/MovingColor_TopBasys.srcs/sources_1/new/Mode2.vhd:20]
INFO: [Synth 8-638] synthesizing module 'TempoPause' [C:/Users/Sun Yujia/Desktop/VIVADO_TP/MovingColor_Move_TopBasys_essaie/MovingColor_TopBasys.srcs/sources_1/new/Tempo_Pause.vhd:13]
INFO: [Synth 8-256] done synthesizing module 'TempoPause' (19#1) [C:/Users/Sun Yujia/Desktop/VIVADO_TP/MovingColor_Move_TopBasys_essaie/MovingColor_TopBasys.srcs/sources_1/new/Tempo_Pause.vhd:13]
INFO: [Synth 8-638] synthesizing module 'TimerLost' [C:/Users/Sun Yujia/Desktop/VIVADO_TP/MovingColor_Move_TopBasys_essaie/MovingColor_TopBasys.srcs/sources_1/new/TimerLost.vhd:12]
WARNING: [Synth 8-614] signal 'timer' is read in the process but is not in the sensitivity list [C:/Users/Sun Yujia/Desktop/VIVADO_TP/MovingColor_Move_TopBasys_essaie/MovingColor_TopBasys.srcs/sources_1/new/TimerLost.vhd:15]
INFO: [Synth 8-256] done synthesizing module 'TimerLost' (20#1) [C:/Users/Sun Yujia/Desktop/VIVADO_TP/MovingColor_Move_TopBasys_essaie/MovingColor_TopBasys.srcs/sources_1/new/TimerLost.vhd:12]
INFO: [Synth 8-256] done synthesizing module 'Mode' (21#1) [C:/Users/Sun Yujia/Desktop/VIVADO_TP/MovingColor_Move_TopBasys_essaie/MovingColor_TopBasys.srcs/sources_1/new/Mode2.vhd:20]
INFO: [Synth 8-638] synthesizing module 'game_mgr' [C:/Users/Sun Yujia/Desktop/VIVADO_TP/MovingColor_Move_TopBasys_essaie/MovingColor_TopBasys.srcs/sources_1/imports/VHDL/game_mgr.vhd:18]
INFO: [Synth 8-256] done synthesizing module 'game_mgr' (22#1) [C:/Users/Sun Yujia/Desktop/VIVADO_TP/MovingColor_Move_TopBasys_essaie/MovingColor_TopBasys.srcs/sources_1/imports/VHDL/game_mgr.vhd:18]
INFO: [Synth 8-638] synthesizing module 'master_slave_mgr' [C:/Users/Sun Yujia/Desktop/VIVADO_TP/MovingColor_Move_TopBasys_essaie/MovingColor_TopBasys.srcs/sources_1/imports/VHDL/mas_sla_mgr.vhd:18]
INFO: [Synth 8-256] done synthesizing module 'master_slave_mgr' (23#1) [C:/Users/Sun Yujia/Desktop/VIVADO_TP/MovingColor_Move_TopBasys_essaie/MovingColor_TopBasys.srcs/sources_1/imports/VHDL/mas_sla_mgr.vhd:18]
INFO: [Synth 8-256] done synthesizing module 'game' (24#1) [C:/Users/Sun Yujia/Desktop/VIVADO_TP/MovingColor_Move_TopBasys_essaie/MovingColor_TopBasys.srcs/sources_1/imports/VHDL/game.vhd:53]
INFO: [Synth 8-638] synthesizing module 'VGA_4bits' [C:/Users/Sun Yujia/Desktop/VIVADO_TP/MovingColor_Move_TopBasys_essaie/MovingColor_TopBasys.srcs/sources_1/imports/Desktop/VGA_4bits.vhdl:24]
INFO: [Synth 8-256] done synthesizing module 'VGA_4bits' (25#1) [C:/Users/Sun Yujia/Desktop/VIVADO_TP/MovingColor_Move_TopBasys_essaie/MovingColor_TopBasys.srcs/sources_1/imports/Desktop/VGA_4bits.vhdl:24]
INFO: [Synth 8-638] synthesizing module 'Moving_Colors' [C:/Users/Sun Yujia/Desktop/VIVADO_TP/MovingColor_Move_TopBasys_essaie/MovingColor_TopBasys.srcs/sources_1/imports/Desktop/Moving_Colors .vhdl:21]
INFO: [Synth 8-638] synthesizing module 'ClkDiv10' [C:/Users/Sun Yujia/Desktop/VIVADO_TP/MovingColor_Move_TopBasys_essaie/MovingColor_TopBasys.srcs/sources_1/imports/Desktop/ClkDiv10.vhdl:15]
INFO: [Synth 8-256] done synthesizing module 'ClkDiv10' (26#1) [C:/Users/Sun Yujia/Desktop/VIVADO_TP/MovingColor_Move_TopBasys_essaie/MovingColor_TopBasys.srcs/sources_1/imports/Desktop/ClkDiv10.vhdl:15]
INFO: [Synth 8-638] synthesizing module 'CompteurB' [C:/Users/Sun Yujia/Desktop/VIVADO_TP/MovingColor_Move_TopBasys_essaie/MovingColor_TopBasys.srcs/sources_1/imports/Desktop/CompteurB.vhdl:13]
INFO: [Synth 8-256] done synthesizing module 'CompteurB' (27#1) [C:/Users/Sun Yujia/Desktop/VIVADO_TP/MovingColor_Move_TopBasys_essaie/MovingColor_TopBasys.srcs/sources_1/imports/Desktop/CompteurB.vhdl:13]
INFO: [Synth 8-638] synthesizing module 'CompteurR' [C:/Users/Sun Yujia/Desktop/VIVADO_TP/MovingColor_Move_TopBasys_essaie/MovingColor_TopBasys.srcs/sources_1/imports/Desktop/CompteurR.vhdl:13]
INFO: [Synth 8-256] done synthesizing module 'CompteurR' (28#1) [C:/Users/Sun Yujia/Desktop/VIVADO_TP/MovingColor_Move_TopBasys_essaie/MovingColor_TopBasys.srcs/sources_1/imports/Desktop/CompteurR.vhdl:13]
INFO: [Synth 8-638] synthesizing module 'CompteurG' [C:/Users/Sun Yujia/Desktop/VIVADO_TP/MovingColor_Move_TopBasys_essaie/MovingColor_TopBasys.srcs/sources_1/imports/Desktop/CompteurG.vhdl:13]
INFO: [Synth 8-256] done synthesizing module 'CompteurG' (29#1) [C:/Users/Sun Yujia/Desktop/VIVADO_TP/MovingColor_Move_TopBasys_essaie/MovingColor_TopBasys.srcs/sources_1/imports/Desktop/CompteurG.vhdl:13]
INFO: [Synth 8-256] done synthesizing module 'Moving_Colors' (30#1) [C:/Users/Sun Yujia/Desktop/VIVADO_TP/MovingColor_Move_TopBasys_essaie/MovingColor_TopBasys.srcs/sources_1/imports/Desktop/Moving_Colors .vhdl:21]
INFO: [Synth 8-256] done synthesizing module 'top_baxys' (31#1) [C:/Users/Sun Yujia/Desktop/VIVADO_TP/MovingColor_Move_TopBasys_essaie/MovingColor_TopBasys.srcs/sources_1/imports/VHDL/Top_Basys.vhd:52]
---------------------------------------------------------------------------------
Finished RTL Elaboration : Time (s): cpu = 00:00:02 ; elapsed = 00:00:03 . Memory (MB): peak = 1211.062 ; gain = 66.613
---------------------------------------------------------------------------------
---------------------------------------------------------------------------------
Start Handling Custom Attributes
---------------------------------------------------------------------------------
---------------------------------------------------------------------------------
Finished Handling Custom Attributes : Time (s): cpu = 00:00:02 ; elapsed = 00:00:03 . Memory (MB): peak = 1211.062 ; gain = 66.613
---------------------------------------------------------------------------------
---------------------------------------------------------------------------------
Finished RTL Optimization Phase 1 : Time (s): cpu = 00:00:02 ; elapsed = 00:00:03 . Memory (MB): peak = 1211.062 ; gain = 66.613
---------------------------------------------------------------------------------
Netlist sorting complete. Time (s): cpu = 00:00:00 ; elapsed = 00:00:00.013 . Memory (MB): peak = 1211.062 ; gain = 0.000
INFO: [Project 1-570] Preparing netlist for logic optimization

Processing XDC Constraints
Initializing timing engine
Parsing XDC File [C:/Users/Sun Yujia/Desktop/VIVADO_TP/MovingColor_Move_TopBasys_essaie/MovingColor_TopBasys.srcs/constrs_1/imports/LU3EE100/Tache1_Basys.xdc]
Finished Parsing XDC File [C:/Users/Sun Yujia/Desktop/VIVADO_TP/MovingColor_Move_TopBasys_essaie/MovingColor_TopBasys.srcs/constrs_1/imports/LU3EE100/Tache1_Basys.xdc]
INFO: [Project 1-236] Implementation specific constraints were found while reading constraint file [C:/Users/Sun Yujia/Desktop/VIVADO_TP/MovingColor_Move_TopBasys_essaie/MovingColor_TopBasys.srcs/constrs_1/imports/LU3EE100/Tache1_Basys.xdc]. These constraints will be ignored for synthesis but will be used in implementation. Impacted constraints are listed in the file [.Xil/top_baxys_propImpl.xdc].
Resolution: To avoid this warning, move constraints listed in [.Xil/top_baxys_propImpl.xdc] to another XDC file and exclude this new file from synthesis with the used_in_synthesis property (File Properties dialog in GUI) and re-run elaboration/synthesis.
Completed Processing XDC Constraints

Netlist sorting complete. Time (s): cpu = 00:00:00 ; elapsed = 00:00:00 . Memory (MB): peak = 1329.852 ; gain = 0.000
INFO: [Project 1-111] Unisim Transformation Summary:
No Unisim elements were transformed.

Constraint Validation Runtime : Time (s): cpu = 00:00:00 ; elapsed = 00:00:00.004 . Memory (MB): peak = 1329.852 ; gain = 0.000
---------------------------------------------------------------------------------
Finished Constraint Validation : Time (s): cpu = 00:00:05 ; elapsed = 00:00:06 . Memory (MB): peak = 1329.852 ; gain = 185.402
---------------------------------------------------------------------------------
---------------------------------------------------------------------------------
Start Loading Part and Timing Information
---------------------------------------------------------------------------------
Loading part: xc7a35tcpg236-1
---------------------------------------------------------------------------------
Finished Loading Part and Timing Information : Time (s): cpu = 00:00:05 ; elapsed = 00:00:06 . Memory (MB): peak = 1329.852 ; gain = 185.402
---------------------------------------------------------------------------------
---------------------------------------------------------------------------------
Start Applying 'set_property' XDC Constraints
---------------------------------------------------------------------------------
---------------------------------------------------------------------------------
Finished applying 'set_property' XDC Constraints : Time (s): cpu = 00:00:05 ; elapsed = 00:00:07 . Memory (MB): peak = 1329.852 ; gain = 185.402
---------------------------------------------------------------------------------
INFO: [Synth 8-802] inferred FSM for state register 'EP_reg' in module 'Move'
INFO: [Synth 8-802] inferred FSM for state register 'StC_reg' in module 'SPI_If'
INFO: [Synth 8-802] inferred FSM for state register 'StC_Spi_SendRec_reg' in module 'ADXL362Ctrl'
INFO: [Synth 8-802] inferred FSM for state register 'StC_Spi_Trans_reg' in module 'ADXL362Ctrl'
INFO: [Synth 8-802] inferred FSM for state register 'StC_Adxl_Ctrl_reg' in module 'ADXL362Ctrl'
INFO: [Synth 8-802] inferred FSM for state register 'EP_reg' in module 'Mode'
INFO: [Synth 8-802] inferred FSM for state register 'EP_reg' in module 'game_mgr'
INFO: [Synth 8-802] inferred FSM for state register 'EP_reg' in module 'master_slave_mgr'
INFO: [Synth 8-802] inferred FSM for state register 'EP_reg' in module 'Moving_Colors'
---------------------------------------------------------------------------------------------------
                   State |                     New Encoding |                Previous Encoding 
---------------------------------------------------------------------------------------------------
               etat_att0 |                           000010 |                              000
                      g0 |                           100000 |                              001
                      d0 |                           010000 |                              010
               etat_att1 |                           001000 |                              011
                      d1 |                           000001 |                              101
                      g1 |                           000100 |                              100
---------------------------------------------------------------------------------------------------
INFO: [Synth 8-3354] encoded FSM with state register 'EP_reg' using encoding 'one-hot' in module 'Move'
---------------------------------------------------------------------------------------------------
                   State |                     New Encoding |                Previous Encoding 
---------------------------------------------------------------------------------------------------
                  stidle |                               00 |                         10100000
               stprepare |                               01 |                         00001001
                 stshift |                               10 |                         01011011
                  stdone |                               11 |                         00001110
---------------------------------------------------------------------------------------------------
INFO: [Synth 8-3354] encoded FSM with state register 'StC_reg' using encoding 'sequential' in module 'SPI_If'
---------------------------------------------------------------------------------------------------
                   State |                     New Encoding |                Previous Encoding 
---------------------------------------------------------------------------------------------------
        stspisendrecidle |                              000 |                          0000000
         stspipreparecmd |                              001 |                          1000001
         stspisendstartw |                              010 |                          0001011
        stspiwaitondonew |                              011 |                          0000111
         stspisendstartr |                              100 |                          0001110
        stspiwaitondoner |                              101 |                          0100100
        stspisendrecdone |                              110 |                          0010101
---------------------------------------------------------------------------------------------------
INFO: [Synth 8-3354] encoded FSM with state register 'StC_Spi_SendRec_reg' using encoding 'sequential' in module 'ADXL362Ctrl'
---------------------------------------------------------------------------------------------------
                   State |                     New Encoding |                Previous Encoding 
---------------------------------------------------------------------------------------------------
          stspitransidle |                              000 |                       0000000000
     stspiprepandsendcmd |                              001 |                       1111100001
       stspiwaitondonesr |                              010 |                       0000110011
     stspiwaitforssinact |                              011 |                       0000000010
          stspitransdone |                              100 |                       0000001110
---------------------------------------------------------------------------------------------------
INFO: [Synth 8-3354] encoded FSM with state register 'StC_Spi_Trans_reg' using encoding 'sequential' in module 'ADXL362Ctrl'
---------------------------------------------------------------------------------------------------
                   State |                     New Encoding |                Previous Encoding 
---------------------------------------------------------------------------------------------------
          stadxlctrlidle |                             0000 |                     100100000000
      stadxlsendresetcmd |                             0001 |                     011001000001
     stadxlwaitresetdone |                             0010 |                     010000000011
    stadxlconf_remaining |                             0011 |                     011001000010
stadxlwaitsampleratetick |                             0100 |                     000100000110
       stadxlread_status |                             0101 |                     011001000111
         stadxlread_data |                             0110 |                     011000000101
      stadxlformatandsum |                             0111 |                     000010101101
         stadxlread_done |                             1000 |                     000001011111
---------------------------------------------------------------------------------------------------
INFO: [Synth 8-3354] encoded FSM with state register 'StC_Adxl_Ctrl_reg' using encoding 'sequential' in module 'ADXL362Ctrl'
WARNING: [Synth 8-327] inferring latch for variable 'timer_reg' [C:/Users/Sun Yujia/Desktop/VIVADO_TP/MovingColor_Move_TopBasys_essaie/MovingColor_TopBasys.srcs/sources_1/new/TimerLost.vhd:18]
---------------------------------------------------------------------------------------------------
                   State |                     New Encoding |                Previous Encoding 
---------------------------------------------------------------------------------------------------
                      pa |                           000001 |                              000
                pa_actif |                           000010 |                              001
                   actif |                           000100 |                              011
                actif_pa |                           001000 |                              010
                   perdu |                           010000 |                              100
                   gagne |                           100000 |                              101
---------------------------------------------------------------------------------------------------
INFO: [Synth 8-3354] encoded FSM with state register 'EP_reg' using encoding 'one-hot' in module 'Mode'
---------------------------------------------------------------------------------------------------
                   State |                     New Encoding |                Previous Encoding 
---------------------------------------------------------------------------------------------------
                   brick |                               00 |                               00
           change_2_pong |                               01 |                               01
                    pong |                               10 |                               10
          change_2_brick |                               11 |                               11
---------------------------------------------------------------------------------------------------
INFO: [Synth 8-3354] encoded FSM with state register 'EP_reg' using encoding 'sequential' in module 'game_mgr'
---------------------------------------------------------------------------------------------------
                   State |                     New Encoding |                Previous Encoding 
---------------------------------------------------------------------------------------------------
                  master |                               00 |                               00
          change_2_slave |                               01 |                               01
                   slave |                               10 |                               10
         change_2_master |                               11 |                               11
---------------------------------------------------------------------------------------------------
INFO: [Synth 8-3354] encoded FSM with state register 'EP_reg' using encoding 'sequential' in module 'master_slave_mgr'
---------------------------------------------------------------------------------------------------
                   State |                     New Encoding |                Previous Encoding 
---------------------------------------------------------------------------------------------------
                      e1 |                              001 |                               00
                      e2 |                              010 |                               01
                      e3 |                              100 |                               10
---------------------------------------------------------------------------------------------------
INFO: [Synth 8-3354] encoded FSM with state register 'EP_reg' using encoding 'one-hot' in module 'Moving_Colors'
---------------------------------------------------------------------------------
Finished RTL Optimization Phase 2 : Time (s): cpu = 00:00:05 ; elapsed = 00:00:07 . Memory (MB): peak = 1329.852 ; gain = 185.402
---------------------------------------------------------------------------------
---------------------------------------------------------------------------------
Start RTL Component Statistics 
---------------------------------------------------------------------------------
Detailed RTL Component Info : 
+---Adders : 
	   2 Input   23 Bit       Adders := 1     
	   2 Input   17 Bit       Adders := 2     
	   3 Input   11 Bit       Adders := 1     
	   2 Input   10 Bit       Adders := 25    
	   2 Input    9 Bit       Adders := 5     
	   2 Input    6 Bit       Adders := 2     
	   2 Input    5 Bit       Adders := 3     
	   2 Input    4 Bit       Adders := 3     
	   2 Input    3 Bit       Adders := 3     
	   2 Input    2 Bit       Adders := 2     
+---XORs : 
	   2 Input      1 Bit         XORs := 1     
+---Registers : 
	               17 Bit    Registers := 2     
	               12 Bit    Registers := 4     
	               10 Bit    Registers := 8     
	                9 Bit    Registers := 4     
	                8 Bit    Registers := 16    
	                6 Bit    Registers := 1     
	                5 Bit    Registers := 4     
	                4 Bit    Registers := 4     
	                3 Bit    Registers := 3     
	                2 Bit    Registers := 3     
	                1 Bit    Registers := 36    
+---Muxes : 
	   2 Input   23 Bit        Muxes := 1     
	   2 Input   17 Bit        Muxes := 2     
	   9 Input   12 Bit        Muxes := 1     
	   5 Input   10 Bit        Muxes := 3     
	   7 Input   10 Bit        Muxes := 2     
	  13 Input   10 Bit        Muxes := 1     
	   2 Input   10 Bit        Muxes := 13    
	   4 Input   10 Bit        Muxes := 1     
	   6 Input   10 Bit        Muxes := 3     
	   3 Input    9 Bit        Muxes := 2     
	   2 Input    9 Bit        Muxes := 6     
	   5 Input    8 Bit        Muxes := 3     
	   6 Input    8 Bit        Muxes := 3     
	   4 Input    8 Bit        Muxes := 1     
	   2 Input    8 Bit        Muxes := 2     
	   7 Input    7 Bit        Muxes := 1     
	   4 Input    7 Bit        Muxes := 1     
	   2 Input    7 Bit        Muxes := 3     
	   6 Input    6 Bit        Muxes := 2     
	   2 Input    6 Bit        Muxes := 12    
	   4 Input    6 Bit        Muxes := 1     
	   2 Input    5 Bit        Muxes := 1     
	   2 Input    4 Bit        Muxes := 21    
	   5 Input    4 Bit        Muxes := 1     
	   9 Input    4 Bit        Muxes := 1     
	   7 Input    4 Bit        Muxes := 2     
	   6 Input    4 Bit        Muxes := 4     
	  14 Input    4 Bit        Muxes := 1     
	  26 Input    4 Bit        Muxes := 1     
	   2 Input    3 Bit        Muxes := 14    
	   7 Input    3 Bit        Muxes := 3     
	   5 Input    3 Bit        Muxes := 1     
	   4 Input    3 Bit        Muxes := 1     
	  13 Input    3 Bit        Muxes := 1     
	   3 Input    3 Bit        Muxes := 1     
	   5 Input    2 Bit        Muxes := 1     
	   4 Input    2 Bit        Muxes := 4     
	   2 Input    2 Bit        Muxes := 12    
	   6 Input    2 Bit        Muxes := 1     
	   3 Input    2 Bit        Muxes := 3     
	   2 Input    1 Bit        Muxes := 85    
	   5 Input    1 Bit        Muxes := 3     
	   3 Input    1 Bit        Muxes := 5     
	   4 Input    1 Bit        Muxes := 3     
	   7 Input    1 Bit        Muxes := 3     
	   9 Input    1 Bit        Muxes := 1     
	  19 Input    1 Bit        Muxes := 1     
	  13 Input    1 Bit        Muxes := 1     
	   6 Input    1 Bit        Muxes := 4     
	  20 Input    1 Bit        Muxes := 2     
	  18 Input    1 Bit        Muxes := 1     
---------------------------------------------------------------------------------
Finished RTL Component Statistics 
---------------------------------------------------------------------------------
---------------------------------------------------------------------------------
Start Part Resource Summary
---------------------------------------------------------------------------------
Part Resources:
DSPs: 90 (col length:60)
BRAMs: 100 (col length: RAMB18 60 RAMB36 30)
---------------------------------------------------------------------------------
Finished Part Resource Summary
---------------------------------------------------------------------------------
---------------------------------------------------------------------------------
Start Cross Boundary and Area Optimization
---------------------------------------------------------------------------------
---------------------------------------------------------------------------------
Finished Cross Boundary and Area Optimization : Time (s): cpu = 00:00:09 ; elapsed = 00:00:12 . Memory (MB): peak = 1329.852 ; gain = 185.402
---------------------------------------------------------------------------------
---------------------------------------------------------------------------------
Start Applying XDC Timing Constraints
---------------------------------------------------------------------------------
---------------------------------------------------------------------------------
Finished Applying XDC Timing Constraints : Time (s): cpu = 00:00:11 ; elapsed = 00:00:15 . Memory (MB): peak = 1329.852 ; gain = 185.402
---------------------------------------------------------------------------------
---------------------------------------------------------------------------------
Start Timing Optimization
---------------------------------------------------------------------------------
---------------------------------------------------------------------------------
Finished Timing Optimization : Time (s): cpu = 00:00:12 ; elapsed = 00:00:15 . Memory (MB): peak = 1329.992 ; gain = 185.543
---------------------------------------------------------------------------------
---------------------------------------------------------------------------------
Start Technology Mapping
---------------------------------------------------------------------------------
---------------------------------------------------------------------------------
Finished Technology Mapping : Time (s): cpu = 00:00:12 ; elapsed = 00:00:16 . Memory (MB): peak = 1347.422 ; gain = 202.973
---------------------------------------------------------------------------------
---------------------------------------------------------------------------------
Start IO Insertion
---------------------------------------------------------------------------------
---------------------------------------------------------------------------------
Start Flattening Before IO Insertion
---------------------------------------------------------------------------------
---------------------------------------------------------------------------------
Finished Flattening Before IO Insertion
---------------------------------------------------------------------------------
---------------------------------------------------------------------------------
Start Final Netlist Cleanup
---------------------------------------------------------------------------------
---------------------------------------------------------------------------------
Finished Final Netlist Cleanup
---------------------------------------------------------------------------------
---------------------------------------------------------------------------------
Finished IO Insertion : Time (s): cpu = 00:00:13 ; elapsed = 00:00:17 . Memory (MB): peak = 1361.797 ; gain = 217.348
---------------------------------------------------------------------------------
---------------------------------------------------------------------------------
Start Renaming Generated Instances
---------------------------------------------------------------------------------
---------------------------------------------------------------------------------
Finished Renaming Generated Instances : Time (s): cpu = 00:00:13 ; elapsed = 00:00:17 . Memory (MB): peak = 1361.797 ; gain = 217.348
---------------------------------------------------------------------------------
---------------------------------------------------------------------------------
Start Rebuilding User Hierarchy
---------------------------------------------------------------------------------
---------------------------------------------------------------------------------
Finished Rebuilding User Hierarchy : Time (s): cpu = 00:00:13 ; elapsed = 00:00:17 . Memory (MB): peak = 1361.797 ; gain = 217.348
---------------------------------------------------------------------------------
---------------------------------------------------------------------------------
Start Renaming Generated Ports
---------------------------------------------------------------------------------
---------------------------------------------------------------------------------
Finished Renaming Generated Ports : Time (s): cpu = 00:00:13 ; elapsed = 00:00:17 . Memory (MB): peak = 1361.797 ; gain = 217.348
---------------------------------------------------------------------------------
---------------------------------------------------------------------------------
Start Handling Custom Attributes
---------------------------------------------------------------------------------
---------------------------------------------------------------------------------
Finished Handling Custom Attributes : Time (s): cpu = 00:00:13 ; elapsed = 00:00:17 . Memory (MB): peak = 1361.797 ; gain = 217.348
---------------------------------------------------------------------------------
---------------------------------------------------------------------------------
Start Renaming Generated Nets
---------------------------------------------------------------------------------
---------------------------------------------------------------------------------
Finished Renaming Generated Nets : Time (s): cpu = 00:00:13 ; elapsed = 00:00:17 . Memory (MB): peak = 1361.797 ; gain = 217.348
---------------------------------------------------------------------------------
---------------------------------------------------------------------------------
Start ROM, RAM, DSP, Shift Register and Retiming Reporting
---------------------------------------------------------------------------------

Static Shift Register Report:
+------------+------------------------------------------+--------+-------+--------------+--------------------+-------------------+--------+---------+
|Module Name | RTL Name                                 | Length | Width | Reset Signal | Pull out first Reg | Pull out last Reg | SRL16E | SRLC32E | 
+------------+------------------------------------------+--------+-------+--------------+--------------------+-------------------+--------+---------+
|top_baxys   | accelero_mgr/accelero/Data_Reg_reg[4][7] | 4      | 2     | NO           | NO                 | YES               | 2      | 0       | 
|top_baxys   | accelero_mgr/accelero/Data_Reg_reg[4][6] | 5      | 6     | NO           | NO                 | YES               | 6      | 0       | 
+------------+------------------------------------------+--------+-------+--------------+--------------------+-------------------+--------+---------+

---------------------------------------------------------------------------------
Finished ROM, RAM, DSP, Shift Register and Retiming Reporting
---------------------------------------------------------------------------------
---------------------------------------------------------------------------------
Start Writing Synthesis Report
---------------------------------------------------------------------------------

Report BlackBoxes: 
+-+--------------+----------+
| |BlackBox name |Instances |
+-+--------------+----------+
+-+--------------+----------+

Report Cell Usage: 
+------+-------+------+
|      |Cell   |Count |
+------+-------+------+
|1     |BUFG   |     3|
|2     |CARRY4 |   110|
|3     |LUT1   |    49|
|4     |LUT2   |   181|
|5     |LUT3   |   191|
|6     |LUT4   |   290|
|7     |LUT5   |   156|
|8     |LUT6   |   361|
|9     |MUXF7  |     1|
|10    |SRL16E |     8|
|11    |FDCE   |   221|
|12    |FDPE   |    59|
|13    |FDRE   |   146|
|14    |FDSE   |     4|
|15    |LDP    |     6|
|16    |IBUF   |    18|
|17    |OBUF   |    43|
+------+-------+------+
---------------------------------------------------------------------------------
Finished Writing Synthesis Report : Time (s): cpu = 00:00:13 ; elapsed = 00:00:17 . Memory (MB): peak = 1361.797 ; gain = 217.348
---------------------------------------------------------------------------------
Synthesis finished with 0 errors, 0 critical warnings and 1 warnings.
Synthesis Optimization Runtime : Time (s): cpu = 00:00:10 ; elapsed = 00:00:16 . Memory (MB): peak = 1361.797 ; gain = 98.559
Synthesis Optimization Complete : Time (s): cpu = 00:00:13 ; elapsed = 00:00:17 . Memory (MB): peak = 1361.797 ; gain = 217.348
INFO: [Project 1-571] Translating synthesized netlist
Netlist sorting complete. Time (s): cpu = 00:00:00 ; elapsed = 00:00:00.015 . Memory (MB): peak = 1373.895 ; gain = 0.000
INFO: [Netlist 29-17] Analyzing 117 Unisim elements for replacement
INFO: [Netlist 29-28] Unisim Transformation completed in 0 CPU seconds
INFO: [Project 1-570] Preparing netlist for logic optimization
INFO: [Opt 31-138] Pushed 0 inverter(s) to 0 load pin(s).
Netlist sorting complete. Time (s): cpu = 00:00:00 ; elapsed = 00:00:00 . Memory (MB): peak = 1373.895 ; gain = 0.000
INFO: [Project 1-111] Unisim Transformation Summary:
  A total of 6 instances were transformed.
  LDP => LDPE: 6 instances

INFO: [Common 17-83] Releasing license: Synthesis
96 Infos, 3 Warnings, 0 Critical Warnings and 0 Errors encountered.
synth_design completed successfully
synth_design: Time (s): cpu = 00:00:15 ; elapsed = 00:00:21 . Memory (MB): peak = 1373.895 ; gain = 229.445
[libprotobuf ERROR C:\w10\HEAD\src\ext\protobuf\build\lnx64\protobuf-3.7.1\src\google\protobuf\wire_format_lite.cc:611] String field 'HDMetricDBGroup.MetricMapEntry.value' contains invalid UTF-8 data when serializing a protocol buffer. Use the 'bytes' type if you intend to send raw bytes. 
INFO: [Common 17-1381] The checkpoint 'C:/Users/Sun Yujia/Desktop/VIVADO_TP/MovingColor_Move_TopBasys_essaie/MovingColor_TopBasys.runs/synth_1/top_baxys.dcp' has been generated.
INFO: [runtcl-4] Executing : report_utilization -file top_baxys_utilization_synth.rpt -pb top_baxys_utilization_synth.pb
INFO: [Common 17-206] Exiting Vivado at Fri Dec  8 17:40:11 2023...
